TACC: Starting up job 1880925
TACC: Starting parallel tasks...
  /opt/apps/intel13/impi/4.1.0.030/intel64/bin/mpiexec.hydra -iface br0 -configfile /home1/02636/uswickra/.slurm/config_file.1880925.xvlCBOLt 
params:  6442450944 60
params:  6442450944 60
params:  6442450944 60
params:  6442450944 60
params:  6442450944 60
params:  6442450944 60
params:  6442450944 60
params:  6442450944 60
params:  6442450944 60
params:  6442450944 60
params:  6442450944 60
params:  6442450944 60
params:  6442450944 60
params:  6442450944 60
params:  6442450944 60
params:  6442450944 60
params:  6442450944 60
params:  6442450944 60
params:  6442450944 60
params:  6442450944 60
params:  6442450944 60
params:  6442450944 60
params:  6442450944 60
params:  6442450944 60
params:  6442450944 60
params:  6442450944 60
params:  6442450944 60
params:  6442450944 60
params:  6442450944 60
params:  6442450944 60
params:  6442450944 60
params:  6442450944 60
params:  6442450944 60
params:  6442450944 60
params:  6442450944 60
params:  6442450944 60
params:  6442450944 60
params:  6442450944 60
params:  6442450944 60
params:  6442450944 60
params:  6442450944 60
params:  6442450944 60
params:  6442450944 60
params:  6442450944 60
params:  6442450944 60
params:  6442450944 60
params:  6442450944 60
params:  6442450944 60
params:  6442450944 60
params:  6442450944 60
params:  6442450944 60
params:  6442450944 60
params:  6442450944 60
params:  6442450944 60
params:  6442450944 60
params:  6442450944 60
params:  6442450944 60
params:  6442450944 60
params:  6442450944 60
params:  6442450944 60
params:  6442450944 60
params:  6442450944 60
params:  6442450944 60
params:  6442450944 60
params:  6442450944 60
params:  6442450944 60
params:  6442450944 60
params:  6442450944 60
params:  6442450944 60
params:  6442450944 60
params:  6442450944 60
params:  6442450944 60
params:  6442450944 60
params:  6442450944 60
params:  6442450944 60
params:  6442450944 60
params:  6442450944 60
params:  6442450944 60
params:  6442450944 60
params:  6442450944 60
params:  6442450944 60
params:  6442450944 60
params:  6442450944 60
params:  6442450944 60
params:  6442450944 60
params:  6442450944 60
params:  6442450944 60
params:  6442450944 60
params:  6442450944 60
params:  6442450944 60
params:  6442450944 60
params:  6442450944 60
params:  6442450944 60
params:  6442450944 60
params:  6442450944 60
params:  6442450944 60
params:  6442450944 60
params:  6442450944 60
params:  6442450944 60
params:  6442450944 60
params:  6442450944 60
params:  6442450944 60
params:  6442450944 60
params:  6442450944 60
params:  6442450944 60
params:  6442450944 60
params:  6442450944 60
params:  6442450944 60
params:  6442450944 60
params:  6442450944 60
params:  6442450944 60
params:  6442450944 60
params:  6442450944 60
params:  6442450944 60
params:  6442450944 60
params:  6442450944 60
params:  6442450944 60
params:  6442450944 60
params:  6442450944 60
params:  6442450944 60

Unidirectional and Bidirectional Communication Test

  Test            Processes  Message Size (bytes)   Bandwidth (MB)  Op time (us)
--------------------------------------------------------------------------------
  Unidirectional          2                    32            4.895         3.269
  Unidirectional          2                    64            8.441         3.791
  Unidirectional          2                   128           12.746         5.021
  Unidirectional          2                   256           26.011         4.921
  Unidirectional          2                   512           47.511         5.388
  Unidirectional          2                  1024           85.049         6.020
  Unidirectional          2                  2048          167.315         6.120
  Unidirectional          2                  4096          240.952         8.500
  Unidirectional          2                  8192          215.368        19.019
  Unidirectional          2                 16384          394.622        20.759
  Unidirectional          2                 32768          590.830        27.730
  Unidirectional          2                 65536          781.303        41.940
  Unidirectional          2                131072          928.140        70.610
  Unidirectional          2                262144          998.630       131.252
  Unidirectional          2                524288         1002.427       261.509
  Unidirectional          2               1048576         1049.628       499.499
  Unidirectional          2               2097152         1057.790       991.290
  Unidirectional          2               4194304         1059.392      1979.580
  Unidirectional          2               8388608         1057.701      3965.490
APPLICATION TERMINATED WITH THE EXIT STRING: Segmentation fault (signal 11)
TACC: MPI job exited with code: 11
 
TACC: Shutdown complete. Exiting.
