TACC: Starting up job 1909254
TACC: Starting parallel tasks...
  /opt/apps/intel13/impi/4.1.0.030/intel64/bin/mpiexec.hydra -iface br0 -configfile /home1/02636/uswickra/.slurm/config_file.1909254.3SSdwR3B 
params:  6442450944 4
params:  6442450944 4
params:  6442450944 4
params:  6442450944 4
DEBUG_HMPIComm_ init_communcitor(c) [after] rank:1 
DEBUG_HMPIComm_ init_communcitor(c) [after] rank:2 
DEBUG_HMPIComm_ init_communcitor(c) [after] rank:0 
DEBUG_HMPIComm_ init_communcitor(c) [after] rank:3 
DEBUG_HMPIComm_ node_rank init()  rank:0 
DEBUG_HMPIComm_  node_rank init()  [after] rank:0 
DEBUG_HMPIComm_ node_rank init()  rank:1 
DEBUG_HMPIComm_  node_rank init()  [after] rank:1 
DEBUG_HMPIComm_ node_rank init()  rank:2 
DEBUG_HMPIComm_  node_rank init()  [after] rank:2 
DEBUG_HMPIComm_ node_rank init()  rank:3 
DEBUG_HMPIComm_  node_rank init()  [after] rank:3 
DEBUG_HMPIComm_ init_communcitor(c) [after] rank:0 
DEBUG_HMPIComm_ init_communcitor(c) [after] rank:1 
DEBUG_HMPIComm_ node_rank init()  rank:1 
DEBUG_HMPIComm_  node_rank init()  [after] rank:1 
DEBUG_HMPIComm_ init_communcitor(c) [after] rank:2 
DEBUG_HMPIComm_ node_rank init()  rank:2 
DEBUG_HMPIComm_  node_rank init()  [after] rank:2 
DEBUG_HMPIComm_ init_communcitor(c) [after] rank:2 
DEBUG_HMPIComm_ init_communcitor(c) [after] rank:3 
DEBUG_HMPIComm_ node_rank init()  rank:3 
DEBUG_HMPIComm_  node_rank init()  [after] rank:3 
DEBUG_HMPIComm_ init_communcitor(c) [after] rank:3 
DEBUG_HMPIComm_ node_rank init()  rank:0 
DEBUG_HMPIComm_  node_rank init()  [after] rank:0 
DEBUG_HMPIComm_ init_communcitor(c) [after] rank:0 
DEBUG_HMPIComm_ node_rank init()  rank:0 
DEBUG_HMPIComm_  node_rank init()  [after] rank:0 
DEBUG_HMPIComm_ init_communcitor(c) [after] rank:1 
DEBUG_HMPIComm_ node_rank init()  rank:1 
DEBUG_HMPIComm_  node_rank init()  [after] rank:1 
DEBUG_HMPIComm_ node_rank init()  rank:2 
DEBUG_HMPIComm_  node_rank init()  [after] rank:2 
DEBUG_HMPIComm_ node_rank init()  rank:3 
DEBUG_HMPIComm_  node_rank init()  [after] rank:3 

Unidirectional and Bidirectional Communication Test

  Test            Processes  Message Size (bytes)   Bandwidth (MB)  Op time (us)
------rank: 1  size:4  procsSize:2 .
createActiveComm() procIdx:0 rank: 1  size:4  procs:2 procsperNode:0 .
MPI Comm_group() rank:1 
MPI Comm_group_incl() rank:1  procs:2  actv1:0 actv2:2 
MPI Comm_create() rank:1  procs:2 
DEBUG_HMPIComm_create 
rank: 2  size:4  procsSize:2 .
createActiveComm() procIdx:0 rank: 2  size:4  procs:2 procsperNode:0 .
MPI Comm_group() rank:2 
MPI Comm_group_incl() rank:2  procs:2  actv1:0 actv2:2 
MPI Comm_create() rank:2  procs:2 
DEBUG_HMPIComm_create 
--------------------------------------------------------------------------
rank: 0  size:4  procsSize:2 .

Current pairs, block allocation
      0:    2

createActiveComm() procIdx:0 rank: 0  size:4  procs:2 procsperNode:0 .
MPI Comm_group() rank:0 
MPI Comm_group_incl() rank:0  procs:2  actv1:0 actv2:2 
MPI Comm_create() rank:0  procs:2 
DEBUG_HMPIComm_create 
rank: 3  size:4  procsSize:2 .
createActiveComm() procIdx:0 rank: 3  size:4  procs:2 procsperNode:0 .
MPI Comm_group() rank:3 
MPI Comm_group_incl() rank:3  procs:2  actv1:0 actv2:2 
MPI Comm_create() rank:3  procs:2 
DEBUG_HMPIComm_create 
DEBUG_HMPIComm_create init_communicator() 
DEBUG_HMPIComm_create init_communicator() 
DEBUG_HMPIComm_create init_communicator() 
DEBUG_HMPIComm_ init_communcitor(c) [after] rank:0 
DEBUG_HMPIComm_ node_rank init()  rank:0 
DEBUG_HMPIComm_  node_rank init()  [after] rank:0 
Active comm good  rank:0 
MPI CreateActiveComm() [EXIT] rank:0 
DEBUG_HMPIComm_create init_communicator() 
DEBUG_HMPIComm_ init_communcitor(c) [after] rank:1 
DEBUG_HMPIComm_ node_rank init()  rank:1 
DEBUG_HMPIComm_  node_rank init()  [after] rank:1 
Active comm good  rank:2 
MPI CreateActiveComm() [EXIT] rank:2 
createActiveComm() [after] procIdx:0 rank: 2 .
rank: 2  runUnicomTest().
rank: 2  runUnicomTest().
rank: 2  runUnicomTest().
rank: 2  runUnicomTest().
rank: 2  runUnicomTest().
rank: 2  runUnicomTest().
rank: 2  runUnicomTest().
rank: 2  runUnicomTest().
rank: 2  runUnicomTest().
rank: 2  runUnicomTest().
rank: 2  runUnicomTest().
rank: 2  runUnicomTest().
rank: 2  runUnicomTest().
rank: 2  runUnicomTest().
rank: 2  runUnicomTest().
rank: 2  runUnicomTest().
rank: 2  runUnicomTest().
rank: 2  runUnicomTest().
rank: 2  runUnicomTest().
HMPI comm_free() 
HMPI comm net_comm NOT NULL  
HMPI comm node_comm NOT NULL  
HMPI comm comm NOT NULL  
createActiveComm() [after] procIdx:0 rank: 0 .
rank: 0  runUnicomTest().
rank: 0  runUnicomTest().
rank: 0  runUnicomTest().
rank: 0  runUnicomTest().
rank: 0  runUnicomTest().
rank: 0  runUnicomTest().
rank: 0  runUnicomTest().
rank: 0  runUnicomTest().
rank: 0  runUnicomTest().
rank: 0  runUnicomTest().
rank: 0  runUnicomTest().
rank: 0  runUnicomTest().
rank: 0  runUnicomTest().
rank: 0  runUnicomTest().
rank: 0  runUnicomTest().
rank: 0  runUnicomTest().
rank: 0  runUnicomTest().
rank: 0  runUnicomTest().
rank: 0  runUnicomTest().
HMPI comm_free() 
HMPI comm net_comm NOT NULL  
HMPI comm node_comm NOT NULL  
HMPI comm comm NOT NULL  


Current pairs, block allocation
      0:    2
      1:    3

createActiveComm() procIdx:1 rank: 0  size:4  procs:4 procsperNode:0 .
MPI Comm_group() rank:0 
MPI Comm_group_incl() rank:0  procs:4  actv1:0 actv2:1 actv3:2 actv4:3  
MPI Comm_create() rank:0  procs:4 
DEBUG_HMPIComm_create 
createActiveComm() procIdx:1 rank: 2  size:4  procs:4 procsperNode:0 .
MPI Comm_group() rank:2 
MPI Comm_group_incl() rank:2  procs:4  actv1:0 actv2:1 actv3:2 actv4:3  
MPI Comm_create() rank:2  procs:4 
DEBUG_HMPIComm_create 
TACC: MPI job exited with code: 1
 
TACC: Shutdown complete. Exiting.
