TACC: Starting up job 1976339
TACC: Starting parallel tasks...
  /opt/apps/intel13/impi/4.1.0.030/intel64/bin/mpiexec.hydra -iface br0 -configfile /home1/02636/uswickra/.slurm/config_file.1976339.gCKXcz2O 
params:  25769803776 16
params:  25769803776 16
params:  25769803776 16
params:  25769803776 16
params:  25769803776 16
params:  25769803776 16
params:  25769803776 16
params:  25769803776 16
params:  25769803776 16
params:  25769803776 16
params:  25769803776 16
params:  25769803776 16
params:  25769803776 16
params:  25769803776 16
params:  25769803776 16
params:  25769803776 16
params:  25769803776 4
params:  25769803776 4
params:  25769803776 4
params:  25769803776 4
params:  25769803776 16
params:  25769803776 16
params:  25769803776 16
params:  25769803776 16
params:  25769803776 16
params:  25769803776 16
params:  25769803776 16
params:  25769803776 16
params:  25769803776 16
params:  25769803776 16
params:  25769803776 16
params:  25769803776 16
params:  25769803776 16
params:  25769803776 16
params:  25769803776 16
params:  25769803776 16
params:  25769803776 16
params:  25769803776 16
params:  25769803776 16
params:  25769803776 16
params:  25769803776 16
params:  25769803776 16
params:  25769803776 16
params:  25769803776 16
params:  25769803776 16
params:  25769803776 16
params:  25769803776 16
params:  25769803776 16
params:  25769803776 16
params:  25769803776 16
params:  25769803776 16
params:  25769803776 16
params:  25769803776 16
params:  25769803776 16
params:  25769803776 16
params:  25769803776 16
params:  25769803776 16
params:  25769803776 16
params:  25769803776 16
params:  25769803776 16
params:  25769803776 16
params:  25769803776 16
params:  25769803776 16
params:  25769803776 16
params:  25769803776 16
params:  25769803776 16
params:  25769803776 16
params:  25769803776 16
params:  25769803776 16
params:  25769803776 16
params:  25769803776 16
params:  25769803776 16
params:  25769803776 16
params:  25769803776 16
params:  25769803776 16
params:  25769803776 16
params:  25769803776 16
params:  25769803776 16
params:  25769803776 16
params:  25769803776 16
params:  25769803776 16
params:  25769803776 16
params:  25769803776 16
params:  25769803776 16
params:  25769803776 16
params:  25769803776 16
params:  25769803776 16
params:  25769803776 16
params:  25769803776 16
params:  25769803776 16
params:  25769803776 16
params:  25769803776 16
params:  25769803776 16
params:  25769803776 16
params:  25769803776 16
params:  25769803776 16
params:  25769803776 16
params:  25769803776 16
params:  25769803776 16
params:  25769803776 16
params:  25769803776 4
params:  25769803776 4
params:  25769803776 4
params:  25769803776 4
params:  25769803776 16
params:  25769803776 16
params:  25769803776 16
params:  25769803776 16
params:  25769803776 16
params:  25769803776 16
params:  25769803776 16
params:  25769803776 16
params:  25769803776 16
params:  25769803776 16
params:  25769803776 16
params:  25769803776 16
params:  25769803776 16
params:  25769803776 16
params:  25769803776 16
params:  25769803776 16
params:  25769803776 4
params:  25769803776 4
params:  25769803776 4
params:  25769803776 4
params:  25769803776 16
params:  25769803776 16
params:  25769803776 16
params:  25769803776 16
params:  25769803776 16
params:  25769803776 16
params:  25769803776 16
params:  25769803776 16
params:  25769803776 16
params:  25769803776 16
params:  25769803776 16
params:  25769803776 16
params:  25769803776 16
params:  25769803776 16
params:  25769803776 16
params:  25769803776 16
params:  25769803776 16
params:  25769803776 16
params:  25769803776 16
params:  25769803776 16
params:  25769803776 16
params:  25769803776 16
params:  25769803776 16
params:  25769803776 16
params:  25769803776 16
params:  25769803776 16
params:  25769803776 16
params:  25769803776 16
params:  25769803776 16
params:  25769803776 16
params:  25769803776 16
params:  25769803776 16
params:  25769803776 4
params:  25769803776 4
params:  25769803776 4
params:  25769803776 4
params:  25769803776 4
params:  25769803776 4
params:  25769803776 4
params:  25769803776 4
params:  25769803776 4
params:  25769803776 4
params:  25769803776 4
params:  25769803776 4
params:  25769803776 4
params:  25769803776 4
params:  25769803776 4
params:  25769803776 4
params:  25769803776 4
params:  25769803776 4
params:  25769803776 4
params:  25769803776 4
params:  25769803776 4
params:  25769803776 4
params:  25769803776 4
params:  25769803776 4
params:  25769803776 16
params:  25769803776 16
params:  25769803776 16
params:  25769803776 16
params:  25769803776 16
params:  25769803776 16
params:  25769803776 16
params:  25769803776 16
params:  25769803776 16
params:  25769803776 16
params:  25769803776 16
params:  25769803776 16
params:  25769803776 16
params:  25769803776 16
params:  25769803776 16
params:  25769803776 16
params:  25769803776 16
params:  25769803776 16
params:  25769803776 16
params:  25769803776 16
params:  25769803776 16
params:  25769803776 16
params:  25769803776 16
params:  25769803776 16
params:  25769803776 16
params:  25769803776 16
params:  25769803776 16
params:  25769803776 16
params:  25769803776 16
params:  25769803776 16
params:  25769803776 16
params:  25769803776 16
params:  25769803776 16
params:  25769803776 16
params:  25769803776 16
params:  25769803776 16
params:  25769803776 16
params:  25769803776 16
params:  25769803776 16
params:  25769803776 16
params:  25769803776 16
params:  25769803776 16
params:  25769803776 16
params:  25769803776 16
params:  25769803776 16
params:  25769803776 16
params:  25769803776 16
params:  25769803776 16
params:  25769803776 4
params:  25769803776 4
params:  25769803776 4
params:  25769803776 4
params:  25769803776 4
params:  25769803776 4
params:  25769803776 4
params:  25769803776 4
params:  25769803776 16
params:  25769803776 16
params:  25769803776 16
params:  25769803776 16
params:  25769803776 16
params:  25769803776 16
params:  25769803776 16
params:  25769803776 16
params:  25769803776 16
params:  25769803776 16
params:  25769803776 16
params:  25769803776 16
params:  25769803776 16
params:  25769803776 16
params:  25769803776 16
params:  25769803776 16
params:  25769803776 16
params:  25769803776 16
params:  25769803776 16
params:  25769803776 16
params:  25769803776 16
params:  25769803776 16
params:  25769803776 16
params:  25769803776 16
params:  25769803776 16
params:  25769803776 16
params:  25769803776 16
params:  25769803776 16
params:  25769803776 16
params:  25769803776 16
params:  25769803776 16
params:  25769803776 16
params:  25769803776 4
params:  25769803776 4
params:  25769803776 4
params:  25769803776 4
params:  25769803776 4
params:  25769803776 4
params:  25769803776 4
params:  25769803776 4
params:  25769803776 16
params:  25769803776 16
params:  25769803776 16
params:  25769803776 16
params:  25769803776 16
params:  25769803776 16
params:  25769803776 16
params:  25769803776 16
params:  25769803776 16
params:  25769803776 16
params:  25769803776 16
params:  25769803776 16
params:  25769803776 16
params:  25769803776 16
params:  25769803776 16
params:  25769803776 16
params:  25769803776 16
params:  25769803776 16
params:  25769803776 16
params:  25769803776 16
params:  25769803776 16
params:  25769803776 16
params:  25769803776 16
params:  25769803776 16
params:  25769803776 16
params:  25769803776 16
params:  25769803776 16
params:  25769803776 16
params:  25769803776 16
params:  25769803776 16
params:  25769803776 16
params:  25769803776 16
params:  25769803776 4
params:  25769803776 4
params:  25769803776 4
params:  25769803776 4
params:  25769803776 4
params:  25769803776 4
params:  25769803776 4
params:  25769803776 4
params:  25769803776 4
params:  25769803776 4
params:  25769803776 4
params:  25769803776 4

Unidirectional and Bidirectional Communication Test

  Test            Processes  Message Size (bytes)   Bandwidth (MB)  Op time (us)
--------------------------------------------------------------------------------
  Unidirectional          2                    32           26.631         0.601
  Unidirectional          2                    64           81.840         0.391
  Unidirectional          2                   128          159.783         0.401
  Unidirectional          2                   256          312.134         0.410
  Unidirectional          2                   512          624.269         0.410
  Unidirectional          2                  1024         1160.802         0.441
  Unidirectional          2                  2048         2006.994         0.510
  Unidirectional          2                  4096         2701.237         0.758
  Unidirectional          2                  8192          601.325         6.812
  Unidirectional          2                 16384         1076.433         7.610
  Unidirectional          2                 32768         1822.314         8.991
  Unidirectional          2                 65536         2795.748        11.721
  Unidirectional          2                131072         3829.983        17.111
  Unidirectional          2                262144         4651.458        28.179
  Unidirectional          2                524288         5061.742        51.789
  Unidirectional          2               1048576         5435.861        96.450
  Unidirectional          2               2097152         4719.694       222.170
  Unidirectional          2               4194304         4726.084       443.740
  Unidirectional          2               8388608         4727.151       887.280

  Unidirectional          4                    32           74.565         0.429
  Unidirectional          4                    64          156.067         0.410
  Unidirectional          4                   128          312.134         0.410
  Unidirectional          4                   256          580.401         0.441
  Unidirectional          4                   512          985.084         0.520
  Unidirectional          4                  1024         1193.046         0.858
  Unidirectional          4                  2048          909.951         2.251
  Unidirectional          4                  4096         1431.656         2.861
  Unidirectional          4                  8192         1173.889         6.979
  Unidirectional          4                 16384         1905.170         8.600
  Unidirectional          4                 32768         2825.056        11.599
  Unidirectional          4                 65536         4286.261        15.290
  Unidirectional          4                131072         4811.446        27.242
  Unidirectional          4                262144         5150.179        50.900
  Unidirectional          4                524288         5198.637       100.851
  Unidirectional          4               1048576         4779.550       219.388
  Unidirectional          4               2097152         4767.246       439.909
  Unidirectional          4               4194304         4763.283       880.549
  Unidirectional          4               8388608         4777.791      1755.750

  Unidirectional          8                    32          123.136         0.520
  Unidirectional          8                    64          285.570         0.448
  Unidirectional          8                   128          568.117         0.451
  Unidirectional          8                   256          610.081         0.839
  Unidirectional          8                   512         1738.853         0.589
  Unidirectional          8                  1024         1507.006         1.359
  Unidirectional          8                  2048          964.078         4.249
  Unidirectional          8                  4096         1491.956         5.491
  Unidirectional          8                  8192         2173.291         7.539
  Unidirectional          8                 16384         3435.115         9.539
  Unidirectional          8                 32768         4762.265        13.762
  Unidirectional          8                 65536         4993.241        26.250
  Unidirectional          8                131072         5250.270        49.930
  Unidirectional          8                262144         5429.151        96.569
  Unidirectional          8                524288         5329.221       196.760
  Unidirectional          8               1048576         5085.976       412.340
  Unidirectional          8               2097152         5179.809       809.741
  Unidirectional          8               4194304         5202.303      1612.480
  Unidirectional          8               8388608         5220.090      3213.971

  Unidirectional         16                    32          152.520         0.839
  Unidirectional         16                    64          319.566         0.801
  Unidirectional         16                   128          527.637         0.970
  Unidirectional         16                   256          487.510         2.100
  Unidirectional         16                   512         1149.924         1.781
  Unidirectional         16                  1024         1574.690         2.601
  Unidirectional         16                  2048         1050.435         7.799
  Unidirectional         16                  4096         1497.809        10.939
  Unidirectional         16                  8192         3669.932         8.929
  Unidirectional         16                 16384         4579.772        14.310
  Unidirectional         16                 32768         5047.336        25.969
  Unidirectional         16                 65536         5251.273        49.920
  Unidirectional         16                131072         5861.874        89.440
  Unidirectional         16                262144         5766.191       181.849
  Unidirectional         16                524288         5663.535       370.290
  Unidirectional         16               1048576         5589.950       750.329
  Unidirectional         16               2097152         5290.064      1585.729
  Unidirectional         16               4194304         5297.224      3167.171
  Unidirectional         16               8388608         5304.973      6325.090

  Unidirectional         32                    32          256.263         0.999
  Unidirectional         32                    64          692.737         0.739
  Unidirectional         32                   128         1216.705         0.842
  Unidirectional         32                   256         1970.168         1.040
  Unidirectional         32                   512         3362.010         1.218
  Unidirectional         32                  1024         3078.830         2.661
  Unidirectional         32                  2048         1863.832         8.790
  Unidirectional         32                  4096         2476.824        13.230
  Unidirectional         32                  8192         5021.518        13.051
  Unidirectional         32                 16384         5460.970        24.002
  Unidirectional         32                 32768         5686.345        46.101
  Unidirectional         32                 65536         5706.265        91.879
  Unidirectional         32                131072         5477.565       191.431
  Unidirectional         32                262144         5452.541       384.619
  Unidirectional         32                524288         5412.131       774.982
  Unidirectional         32               1048576         5612.948      1494.510
  Unidirectional         32               2097152         5612.608      2989.202
  Unidirectional         32               4194304         5557.532      6037.650
  Unidirectional         32               8388608         5555.121     12080.541

  Unidirectional         64                    32           58.981         8.681
  Unidirectional         64                    64          171.182         5.982
  Unidirectional         64                   128          337.389         6.070
  Unidirectional         64                   256          663.828         6.170
  Unidirectional         64                   512         1287.846         6.361
  Unidirectional         64                  1024         2301.389         7.119
  Unidirectional         64                  2048         2815.218        11.640
  Unidirectional         64                  4096         3794.560        17.271
  Unidirectional         64                  8192         3655.048        35.861
  Unidirectional         64                 16384         4661.911        56.231
  Unidirectional         64                 32768         4872.534       107.601
  Unidirectional         64                 65536         4934.030       212.519
  Unidirectional         64                131072         5308.829       395.031
  Unidirectional         64                262144         5204.050       805.969
  Unidirectional         64                524288         5061.793      1657.240
  Unidirectional         64               1048576         4981.936      3367.610
  Unidirectional         64               2097152         4947.848      6781.621
  Unidirectional         64               4194304         4938.142     13589.902
  Unidirectional         64               8388608         4928.502     27232.969

  Unidirectional        128                    32          111.790         9.160
  Unidirectional        128                    64          325.623         6.289
  Unidirectional        128                   128          604.074         6.781
  Unidirectional        128                   256         1272.112         6.440
  Unidirectional        128                   512         2350.991         6.969
  Unidirectional        128                  1024         3855.230         8.500
  Unidirectional        128                  2048         5407.789        12.119
  Unidirectional        128                  4096         6946.624        18.868
  Unidirectional        128                  8192         7495.989        34.971
  Unidirectional        128                 16384         9168.709        57.182
  Unidirectional        128                 32768         9745.068       107.601
  Unidirectional        128                 65536         9673.690       216.789
  Unidirectional        128                131072         9881.530       424.459
  Unidirectional        128                262144         9721.534       862.889
  Unidirectional        128                524288         9557.867      1755.331
  Unidirectional        128               1048576         9510.299      3528.221
  Unidirectional        128               2097152         9396.867      7141.621
  Unidirectional        128               4194304         9310.072     14416.401
  Unidirectional        128               8388608         9314.256     28819.849

  Unidirectional        256                    32          204.182        10.030
  Unidirectional        256                    64          440.397         9.301
  Unidirectional        256                   128          906.111         9.041
  Unidirectional        256                   256         1727.922         9.482
  Unidirectional        256                   512         3191.060        10.269
  Unidirectional        256                  1024         8576.534         7.641
  Unidirectional        256                  2048         8697.292        15.070
  Unidirectional        256                  4096        11882.758        22.061
  Unidirectional        256                  8192        13022.760        40.259
  Unidirectional        256                 16384        15186.100        69.048
  Unidirectional        256                 32768        15802.689       132.709
  Unidirectional        256                 65536        14935.973       280.819
  Unidirectional        256                131072        14969.780       560.369
  Unidirectional        256                262144        14233.074      1178.749
  Unidirectional        256                524288        15010.622      2235.379
  Unidirectional        256               1048576        14601.831      4595.921
  Unidirectional        256               2097152        14351.845      9351.950
  Unidirectional        256               4194304        14396.040     18646.479
  Unidirectional        256               8388608        14380.156     37334.151

  Unidirectional        320                    32          280.643         9.122
  Unidirectional        320                    64          554.619         9.232
  Unidirectional        320                   128         1136.535         9.010
  Unidirectional        320                   256         2162.622         9.470
  Unidirectional        320                   512         3927.725        10.428
  Unidirectional        320                  1024         8409.138         9.742
  Unidirectional        320                  2048        10239.827        16.000
  Unidirectional        320                  4096        13423.084        24.412
  Unidirectional        320                  8192         7863.540        83.342
  Unidirectional        320                 16384        14498.927        90.401
  Unidirectional        320                 32768        15310.334       171.220
  Unidirectional        320                 65536        13783.264       380.380
  Unidirectional        320                131072        15503.002       676.370
  Unidirectional        320                262144        15486.734      1354.160
  Unidirectional        320                524288        14814.585      2831.199
  Unidirectional        320               1048576        14888.489      5634.291
  Unidirectional        320               2097152        15102.038     11109.240
  Unidirectional        320               4194304        14910.788     22503.459
  Unidirectional        320               8388608        15198.585     44154.680

  Bidirectional           2                    32           14.479         4.420
  Bidirectional           2                    64           30.926         4.139
  Bidirectional           2                   128           60.120         4.258
  Bidirectional           2                   256          112.316         4.559
  Bidirectional           2                   512          218.908         4.678
  Bidirectional           2                  1024          361.834         5.660
  Bidirectional           2                  2048          650.260         6.299
  Bidirectional           2                  4096         1100.568         7.443
  Bidirectional           2                  8192         1061.141        15.440
  Bidirectional           2                 16384         1871.955        17.505
  Bidirectional           2                 32768         3184.406        20.580
  Bidirectional           2                 65536         4638.507        28.257
  Bidirectional           2                131072         6780.412        38.662
  Bidirectional           2                262144         8367.032        62.661
  Bidirectional           2                524288         9539.403       109.921
  Bidirectional           2               1048576         8776.784       238.943
  Bidirectional           2               2097152         8984.039       466.862
  Bidirectional           2               4194304         8874.768       945.220
  Bidirectional           2               8388608         8139.312      2061.257

  Bidirectional           4                    32           30.026         4.263
  Bidirectional           4                    64           62.138         4.120
  Bidirectional           4                   128          117.477         4.358
  Bidirectional           4                   256          219.579         4.663
  Bidirectional           4                   512          417.798         4.902
  Bidirectional           4                  1024          617.093         6.638
  Bidirectional           4                  2048          847.970         9.661
  Bidirectional           4                  4096         1457.774        11.239
  Bidirectional           4                  8192         2042.791        16.041
  Bidirectional           4                 16384         3215.698        20.380
  Bidirectional           4                 32768         4983.283        26.302
  Bidirectional           4                 65536         7305.725        35.882
  Bidirectional           4                131072         8720.746        60.120
  Bidirectional           4                262144         9710.856       107.980
  Bidirectional           4                524288         9343.034       224.462
  Bidirectional           4               1048576         9461.624       443.296
  Bidirectional           4               2097152         9236.731       908.179
  Bidirectional           4               4194304         8682.333      1932.340
  Bidirectional           4               8388608         8665.333      3872.261

  Bidirectional           8                    32           57.419         4.458
  Bidirectional           8                    64          117.477         4.358
  Bidirectional           8                   128          224.397         4.563
  Bidirectional           8                   256          402.905         5.083
  Bidirectional           8                   512          600.695         6.819
  Bidirectional           8                  1024          650.999        12.584
  Bidirectional           8                  2048         1103.750        14.844
  Bidirectional           8                  4096         2524.595        12.980
  Bidirectional           8                  8192         3788.284        17.300
  Bidirectional           8                 16384         5420.586        24.180
  Bidirectional           8                 32768         7318.368        35.820
  Bidirectional           8                 65536         8456.481        61.998
  Bidirectional           8                131072         9588.067       109.363
  Bidirectional           8                262144         9915.560       211.501
  Bidirectional           8                524288         9314.935       450.277
  Bidirectional           8               1048576         9616.212       872.340
  Bidirectional           8               2097152         8971.303      1870.098
  Bidirectional           8               4194304         8918.025      3762.541
  Bidirectional           8               8388608         8915.917      7526.860

  Bidirectional          16                    32          101.584         5.040
  Bidirectional          16                    64          188.873         5.422
  Bidirectional          16                   128          369.619         5.541
  Bidirectional          16                   256          469.652         8.721
  Bidirectional          16                   512          708.740        11.559
  Bidirectional          16                  1024          991.909        16.518
  Bidirectional          16                  2048         1708.590        19.178
  Bidirectional          16                  4096         2735.104        23.961
  Bidirectional          16                  8192         5259.815        24.920
  Bidirectional          16                 16384         7281.534        36.001
  Bidirectional          16                 32768         8295.697        63.200
  Bidirectional          16                 65536         9161.070       114.460
  Bidirectional          16                131072         9793.459       214.138
  Bidirectional          16                262144         9821.782       427.041
  Bidirectional          16                524288         9399.443       892.458
  Bidirectional          16               1048576         9505.821      1764.941
  Bidirectional          16               2097152         9746.714      3442.640
  Bidirectional          16               4194304         9779.094      6862.483
  Bidirectional          16               8388608         9339.135     14371.538

  Bidirectional          32                    32          187.553         5.460
  Bidirectional          32                    64          401.399         5.102
  Bidirectional          32                   128          718.823         5.698
  Bidirectional          32                   256         1134.734         7.219
  Bidirectional          32                   512         2150.171         7.620
  Bidirectional          32                  1024         2567.992        12.760
  Bidirectional          32                  2048         3234.619        20.261
  Bidirectional          32                  4096         4950.079        26.479
  Bidirectional          32                  8192         6841.162        38.319
  Bidirectional          32                 16384         8770.833        59.776
  Bidirectional          32                 32768         9233.386       113.564
  Bidirectional          32                 65536         9660.728       217.080
  Bidirectional          32                131072         9694.694       432.639
  Bidirectional          32                262144         9661.842       868.220
  Bidirectional          32                524288         9678.240      1733.499
  Bidirectional          32               1048576         9841.452      3409.500
  Bidirectional          32               2097152         9810.895      6840.239
  Bidirectional          32               4194304         9782.904     13719.621
  Bidirectional          32               8388608         9671.726     27754.660

  Bidirectional          64                    32           73.936        27.699
  Bidirectional          64                    64          150.912        27.142
  Bidirectional          64                   128          298.728        27.423
  Bidirectional          64                   256          558.060        29.359
  Bidirectional          64                   512         1115.938        29.364
  Bidirectional          64                  1024         2025.032        32.363
  Bidirectional          64                  2048         3443.722        38.061
  Bidirectional          64                  4096         5142.230        50.979
  Bidirectional          64                  8192         5937.529        88.301
  Bidirectional          64                 16384         7648.511       137.095
  Bidirectional          64                 32768         8500.776       246.701
  Bidirectional          64                 65536         8856.583       473.580
  Bidirectional          64                131072         9624.155       871.620
  Bidirectional          64                262144         9337.059      1796.842
  Bidirectional          64                524288         8771.259      3825.498
  Bidirectional          64               1048576         8770.172      7651.944
  Bidirectional          64               2097152         8671.898     15477.319
  Bidirectional          64               4194304         8790.313     30537.643
  Bidirectional          64               8388608         8759.810     61287.961

  Bidirectional         128                    32          139.018        29.464
  Bidirectional         128                    64          278.442        29.421
  Bidirectional         128                   128          568.117        28.839
  Bidirectional         128                   256         1103.927        29.683
  Bidirectional         128                   512         1730.969        37.861
  Bidirectional         128                  1024         3331.450        39.344
  Bidirectional         128                  2048         5849.088        44.818
  Bidirectional         128                  4096         9256.707        56.639
  Bidirectional         128                  8192        11370.337        92.220
  Bidirectional         128                 16384        15128.639       138.621
  Bidirectional         128                 32768        16809.534       249.519
  Bidirectional         128                 65536        16993.341       493.641
  Bidirectional         128                131072        18365.847       913.501
  Bidirectional         128                262144        17333.612      1935.802
  Bidirectional         128                524288        16875.100      3976.798
  Bidirectional         128               1048576        16930.734      7927.461
  Bidirectional         128               2097152        16581.800     16188.560
  Bidirectional         128               4194304        16860.188     31842.523
  Bidirectional         128               8388608        16929.139     63425.660

  Bidirectional         256                    32          228.456        35.858
  Bidirectional         256                    64          469.973        34.862
  Bidirectional         256                   128          929.395        35.257
  Bidirectional         256                   256         1717.558        38.157
  Bidirectional         256                   512         3924.585        33.398
  Bidirectional         256                  1024         6533.822        40.121
  Bidirectional         256                  2048        11656.012        44.980
  Bidirectional         256                  4096        18421.909        56.920
  Bidirectional         256                  8192        17862.989       117.402
  Bidirectional         256                 16384        26515.820       158.181
  Bidirectional         256                 32768        28670.914       292.583
  Bidirectional         256                 65536        28755.739       583.439
  Bidirectional         256                131072        30106.079      1114.540
  Bidirectional         256                262144        27210.793      2466.259
  Bidirectional         256                524288        28278.739      4746.242
  Bidirectional         256               1048576        28042.115      9572.582
  Bidirectional         256               2097152        28249.762     19004.440
  Bidirectional         256               4194304        28007.450     38337.722
  Bidirectional         256               8388608        28021.675     76636.519

  Bidirectional         320                    32          274.966        37.241
  Bidirectional         320                    64          542.911        37.723
  Bidirectional         320                   128         1112.974        36.802
  Bidirectional         320                   256         2069.864        39.577
  Bidirectional         320                   512         4147.723        39.501
  Bidirectional         320                  1024         8163.397        40.140
  Bidirectional         320                  2048        14358.436        45.643
  Bidirectional         320                  4096        22685.310        57.778
  Bidirectional         320                  8192        23852.647       109.901
  Bidirectional         320                 16384        22207.870       236.082
  Bidirectional         320                 32768        28571.731       366.998
  Bidirectional         320                 65536        28224.087       743.036
  Bidirectional         320                131072        29372.201      1427.984
  Bidirectional         320                262144        31038.060      2702.684
  Bidirectional         320                524288        29446.735      5697.479
  Bidirectional         320               1048576        29934.504     11209.283
  Bidirectional         320               2097152        29774.735     22538.862
  Bidirectional         320               4194304        29851.939     44961.143
  Bidirectional         320               8388608        29853.394     89917.903

Max Unidirectional Bandwith :       15802.69 for message size of   32768 bytes
Max  Bidirectional Bandwith :       31038.06 for message size of  262144 bytes

Test Parameters
---------------
Operations per measurement :       50
Process pair allocation    :    block


Rank id    0 (c405-004.stampede.tacc.utexas.edu) communicated with rank id  160 (c461-202.stampede.tacc.utexas.edu)
Rank id    1 (c405-004.stampede.tacc.utexas.edu) communicated with rank id  161 (c461-202.stampede.tacc.utexas.edu)
Rank id    2 (c405-004.stampede.tacc.utexas.edu) communicated with rank id  162 (c461-202.stampede.tacc.utexas.edu)
Rank id    3 (c405-004.stampede.tacc.utexas.edu) communicated with rank id  163 (c461-202.stampede.tacc.utexas.edu)
Rank id    4 (c405-004.stampede.tacc.utexas.edu) communicated with rank id  164 (c461-202.stampede.tacc.utexas.edu)
Rank id    5 (c405-004.stampede.tacc.utexas.edu) communicated with rank id  165 (c461-202.stampede.tacc.utexas.edu)
Rank id    6 (c405-004.stampede.tacc.utexas.edu) communicated with rank id  166 (c461-202.stampede.tacc.utexas.edu)
Rank id    7 (c405-004.stampede.tacc.utexas.edu) communicated with rank id  167 (c461-202.stampede.tacc.utexas.edu)
Rank id    8 (c405-004.stampede.tacc.utexas.edu) communicated with rank id  168 (c461-202.stampede.tacc.utexas.edu)
Rank id    9 (c405-004.stampede.tacc.utexas.edu) communicated with rank id  169 (c461-202.stampede.tacc.utexas.edu)
Rank id   10 (c405-004.stampede.tacc.utexas.edu) communicated with rank id  170 (c461-202.stampede.tacc.utexas.edu)
Rank id   11 (c405-004.stampede.tacc.utexas.edu) communicated with rank id  171 (c461-202.stampede.tacc.utexas.edu)
Rank id   12 (c405-004.stampede.tacc.utexas.edu) communicated with rank id  172 (c461-202.stampede.tacc.utexas.edu)
Rank id   13 (c405-004.stampede.tacc.utexas.edu) communicated with rank id  173 (c461-202.stampede.tacc.utexas.edu)
Rank id   14 (c405-004.stampede.tacc.utexas.edu) communicated with rank id  174 (c461-202.stampede.tacc.utexas.edu)
Rank id   15 (c405-004.stampede.tacc.utexas.edu) communicated with rank id  175 (c461-202.stampede.tacc.utexas.edu)
Rank id   16 (c405-004-mic0.stampede.tacc.utexas.edu) communicated with rank id  176 (c461-202-mic0.stampede.tacc.utexas.edu)
Rank id   17 (c405-004-mic0.stampede.tacc.utexas.edu) communicated with rank id  177 (c461-202-mic0.stampede.tacc.utexas.edu)
Rank id   18 (c405-004-mic0.stampede.tacc.utexas.edu) communicated with rank id  178 (c461-202-mic0.stampede.tacc.utexas.edu)
Rank id   19 (c405-004-mic0.stampede.tacc.utexas.edu) communicated with rank id  179 (c461-202-mic0.stampede.tacc.utexas.edu)
Rank id   20 (c426-902.stampede.tacc.utexas.edu) communicated with rank id  180 (c461-203.stampede.tacc.utexas.edu)
Rank id   21 (c426-902.stampede.tacc.utexas.edu) communicated with rank id  181 (c461-203.stampede.tacc.utexas.edu)
Rank id   22 (c426-902.stampede.tacc.utexas.edu) communicated with rank id  182 (c461-203.stampede.tacc.utexas.edu)
Rank id   23 (c426-902.stampede.tacc.utexas.edu) communicated with rank id  183 (c461-203.stampede.tacc.utexas.edu)
Rank id   24 (c426-902.stampede.tacc.utexas.edu) communicated with rank id  184 (c461-203.stampede.tacc.utexas.edu)
Rank id   25 (c426-902.stampede.tacc.utexas.edu) communicated with rank id  185 (c461-203.stampede.tacc.utexas.edu)
Rank id   26 (c426-902.stampede.tacc.utexas.edu) communicated with rank id  186 (c461-203.stampede.tacc.utexas.edu)
Rank id   27 (c426-902.stampede.tacc.utexas.edu) communicated with rank id  187 (c461-203.stampede.tacc.utexas.edu)
Rank id   28 (c426-902.stampede.tacc.utexas.edu) communicated with rank id  188 (c461-203.stampede.tacc.utexas.edu)
Rank id   29 (c426-902.stampede.tacc.utexas.edu) communicated with rank id  189 (c461-203.stampede.tacc.utexas.edu)
Rank id   30 (c426-902.stampede.tacc.utexas.edu) communicated with rank id  190 (c461-203.stampede.tacc.utexas.edu)
Rank id   31 (c426-902.stampede.tacc.utexas.edu) communicated with rank id  191 (c461-203.stampede.tacc.utexas.edu)
Rank id   32 (c426-902.stampede.tacc.utexas.edu) communicated with rank id  192 (c461-203.stampede.tacc.utexas.edu)
Rank id   33 (c426-902.stampede.tacc.utexas.edu) communicated with rank id  193 (c461-203.stampede.tacc.utexas.edu)
Rank id   34 (c426-902.stampede.tacc.utexas.edu) communicated with rank id  194 (c461-203.stampede.tacc.utexas.edu)
Rank id   35 (c426-902.stampede.tacc.utexas.edu) communicated with rank id  195 (c461-203.stampede.tacc.utexas.edu)
Rank id   36 (c426-902-mic0.stampede.tacc.utexas.edu) communicated with rank id  196 (c461-203-mic0.stampede.tacc.utexas.edu)
Rank id   37 (c426-902-mic0.stampede.tacc.utexas.edu) communicated with rank id  197 (c461-203-mic0.stampede.tacc.utexas.edu)
Rank id   38 (c426-902-mic0.stampede.tacc.utexas.edu) communicated with rank id  198 (c461-203-mic0.stampede.tacc.utexas.edu)
Rank id   39 (c426-902-mic0.stampede.tacc.utexas.edu) communicated with rank id  199 (c461-203-mic0.stampede.tacc.utexas.edu)
Rank id   40 (c456-001.stampede.tacc.utexas.edu) communicated with rank id  200 (c466-103.stampede.tacc.utexas.edu)
Rank id   41 (c456-001.stampede.tacc.utexas.edu) communicated with rank id  201 (c466-103.stampede.tacc.utexas.edu)
Rank id   42 (c456-001.stampede.tacc.utexas.edu) communicated with rank id  202 (c466-103.stampede.tacc.utexas.edu)
Rank id   43 (c456-001.stampede.tacc.utexas.edu) communicated with rank id  203 (c466-103.stampede.tacc.utexas.edu)
Rank id   44 (c456-001.stampede.tacc.utexas.edu) communicated with rank id  204 (c466-103.stampede.tacc.utexas.edu)
Rank id   45 (c456-001.stampede.tacc.utexas.edu) communicated with rank id  205 (c466-103.stampede.tacc.utexas.edu)
Rank id   46 (c456-001.stampede.tacc.utexas.edu) communicated with rank id  206 (c466-103.stampede.tacc.utexas.edu)
Rank id   47 (c456-001.stampede.tacc.utexas.edu) communicated with rank id  207 (c466-103.stampede.tacc.utexas.edu)
Rank id   48 (c456-001.stampede.tacc.utexas.edu) communicated with rank id  208 (c466-103.stampede.tacc.utexas.edu)
Rank id   49 (c456-001.stampede.tacc.utexas.edu) communicated with rank id  209 (c466-103.stampede.tacc.utexas.edu)
Rank id   50 (c456-001.stampede.tacc.utexas.edu) communicated with rank id  210 (c466-103.stampede.tacc.utexas.edu)
Rank id   51 (c456-001.stampede.tacc.utexas.edu) communicated with rank id  211 (c466-103.stampede.tacc.utexas.edu)
Rank id   52 (c456-001.stampede.tacc.utexas.edu) communicated with rank id  212 (c466-103.stampede.tacc.utexas.edu)
Rank id   53 (c456-001.stampede.tacc.utexas.edu) communicated with rank id  213 (c466-103.stampede.tacc.utexas.edu)
Rank id   54 (c456-001.stampede.tacc.utexas.edu) communicated with rank id  214 (c466-103.stampede.tacc.utexas.edu)
Rank id   55 (c456-001.stampede.tacc.utexas.edu) communicated with rank id  215 (c466-103.stampede.tacc.utexas.edu)
Rank id   56 (c456-001-mic0.stampede.tacc.utexas.edu) communicated with rank id  216 (c466-103-mic0.stampede.tacc.utexas.edu)
Rank id   57 (c456-001-mic0.stampede.tacc.utexas.edu) communicated with rank id  217 (c466-103-mic0.stampede.tacc.utexas.edu)
Rank id   58 (c456-001-mic0.stampede.tacc.utexas.edu) communicated with rank id  218 (c466-103-mic0.stampede.tacc.utexas.edu)
Rank id   59 (c456-001-mic0.stampede.tacc.utexas.edu) communicated with rank id  219 (c466-103-mic0.stampede.tacc.utexas.edu)
Rank id   60 (c456-104.stampede.tacc.utexas.edu) communicated with rank id  220 (c466-104.stampede.tacc.utexas.edu)
Rank id   61 (c456-104.stampede.tacc.utexas.edu) communicated with rank id  221 (c466-104.stampede.tacc.utexas.edu)
Rank id   62 (c456-104.stampede.tacc.utexas.edu) communicated with rank id  222 (c466-104.stampede.tacc.utexas.edu)
Rank id   63 (c456-104.stampede.tacc.utexas.edu) communicated with rank id  223 (c466-104.stampede.tacc.utexas.edu)
Rank id   64 (c456-104.stampede.tacc.utexas.edu) communicated with rank id  224 (c466-104.stampede.tacc.utexas.edu)
Rank id   65 (c456-104.stampede.tacc.utexas.edu) communicated with rank id  225 (c466-104.stampede.tacc.utexas.edu)
Rank id   66 (c456-104.stampede.tacc.utexas.edu) communicated with rank id  226 (c466-104.stampede.tacc.utexas.edu)
Rank id   67 (c456-104.stampede.tacc.utexas.edu) communicated with rank id  227 (c466-104.stampede.tacc.utexas.edu)
Rank id   68 (c456-104.stampede.tacc.utexas.edu) communicated with rank id  228 (c466-104.stampede.tacc.utexas.edu)
Rank id   69 (c456-104.stampede.tacc.utexas.edu) communicated with rank id  229 (c466-104.stampede.tacc.utexas.edu)
Rank id   70 (c456-104.stampede.tacc.utexas.edu) communicated with rank id  230 (c466-104.stampede.tacc.utexas.edu)
Rank id   71 (c456-104.stampede.tacc.utexas.edu) communicated with rank id  231 (c466-104.stampede.tacc.utexas.edu)
Rank id   72 (c456-104.stampede.tacc.utexas.edu) communicated with rank id  232 (c466-104.stampede.tacc.utexas.edu)
Rank id   73 (c456-104.stampede.tacc.utexas.edu) communicated with rank id  233 (c466-104.stampede.tacc.utexas.edu)
Rank id   74 (c456-104.stampede.tacc.utexas.edu) communicated with rank id  234 (c466-104.stampede.tacc.utexas.edu)
Rank id   75 (c456-104.stampede.tacc.utexas.edu) communicated with rank id  235 (c466-104.stampede.tacc.utexas.edu)
Rank id   76 (c456-104-mic0.stampede.tacc.utexas.edu) communicated with rank id  236 (c466-104-mic0.stampede.tacc.utexas.edu)
Rank id   77 (c456-104-mic0.stampede.tacc.utexas.edu) communicated with rank id  237 (c466-104-mic0.stampede.tacc.utexas.edu)
Rank id   78 (c456-104-mic0.stampede.tacc.utexas.edu) communicated with rank id  238 (c466-104-mic0.stampede.tacc.utexas.edu)
Rank id   79 (c456-104-mic0.stampede.tacc.utexas.edu) communicated with rank id  239 (c466-104-mic0.stampede.tacc.utexas.edu)
Rank id   80 (c456-201.stampede.tacc.utexas.edu) communicated with rank id  240 (c469-801.stampede.tacc.utexas.edu)
Rank id   81 (c456-201.stampede.tacc.utexas.edu) communicated with rank id  241 (c469-801.stampede.tacc.utexas.edu)
Rank id   82 (c456-201.stampede.tacc.utexas.edu) communicated with rank id  242 (c469-801.stampede.tacc.utexas.edu)
Rank id   83 (c456-201.stampede.tacc.utexas.edu) communicated with rank id  243 (c469-801.stampede.tacc.utexas.edu)
Rank id   84 (c456-201.stampede.tacc.utexas.edu) communicated with rank id  244 (c469-801.stampede.tacc.utexas.edu)
Rank id   85 (c456-201.stampede.tacc.utexas.edu) communicated with rank id  245 (c469-801.stampede.tacc.utexas.edu)
Rank id   86 (c456-201.stampede.tacc.utexas.edu) communicated with rank id  246 (c469-801.stampede.tacc.utexas.edu)
Rank id   87 (c456-201.stampede.tacc.utexas.edu) communicated with rank id  247 (c469-801.stampede.tacc.utexas.edu)
Rank id   88 (c456-201.stampede.tacc.utexas.edu) communicated with rank id  248 (c469-801.stampede.tacc.utexas.edu)
Rank id   89 (c456-201.stampede.tacc.utexas.edu) communicated with rank id  249 (c469-801.stampede.tacc.utexas.edu)
Rank id   90 (c456-201.stampede.tacc.utexas.edu) communicated with rank id  250 (c469-801.stampede.tacc.utexas.edu)
Rank id   91 (c456-201.stampede.tacc.utexas.edu) communicated with rank id  251 (c469-801.stampede.tacc.utexas.edu)
Rank id   92 (c456-201.stampede.tacc.utexas.edu) communicated with rank id  252 (c469-801.stampede.tacc.utexas.edu)
Rank id   93 (c456-201.stampede.tacc.utexas.edu) communicated with rank id  253 (c469-801.stampede.tacc.utexas.edu)
Rank id   94 (c456-201.stampede.tacc.utexas.edu) communicated with rank id  254 (c469-801.stampede.tacc.utexas.edu)
Rank id   95 (c456-201.stampede.tacc.utexas.edu) communicated with rank id  255 (c469-801.stampede.tacc.utexas.edu)
Rank id   96 (c456-201-mic0.stampede.tacc.utexas.edu) communicated with rank id  256 (c469-801-mic0.stampede.tacc.utexas.edu)
Rank id   97 (c456-201-mic0.stampede.tacc.utexas.edu) communicated with rank id  257 (c469-801-mic0.stampede.tacc.utexas.edu)
Rank id   98 (c456-201-mic0.stampede.tacc.utexas.edu) communicated with rank id  258 (c469-801-mic0.stampede.tacc.utexas.edu)
Rank id   99 (c456-201-mic0.stampede.tacc.utexas.edu) communicated with rank id  259 (c469-801-mic0.stampede.tacc.utexas.edu)
Rank id  100 (c456-202.stampede.tacc.utexas.edu) communicated with rank id  260 (c469-802.stampede.tacc.utexas.edu)
Rank id  101 (c456-202.stampede.tacc.utexas.edu) communicated with rank id  261 (c469-802.stampede.tacc.utexas.edu)
Rank id  102 (c456-202.stampede.tacc.utexas.edu) communicated with rank id  262 (c469-802.stampede.tacc.utexas.edu)
Rank id  103 (c456-202.stampede.tacc.utexas.edu) communicated with rank id  263 (c469-802.stampede.tacc.utexas.edu)
Rank id  104 (c456-202.stampede.tacc.utexas.edu) communicated with rank id  264 (c469-802.stampede.tacc.utexas.edu)
Rank id  105 (c456-202.stampede.tacc.utexas.edu) communicated with rank id  265 (c469-802.stampede.tacc.utexas.edu)
Rank id  106 (c456-202.stampede.tacc.utexas.edu) communicated with rank id  266 (c469-802.stampede.tacc.utexas.edu)
Rank id  107 (c456-202.stampede.tacc.utexas.edu) communicated with rank id  267 (c469-802.stampede.tacc.utexas.edu)
Rank id  108 (c456-202.stampede.tacc.utexas.edu) communicated with rank id  268 (c469-802.stampede.tacc.utexas.edu)
Rank id  109 (c456-202.stampede.tacc.utexas.edu) communicated with rank id  269 (c469-802.stampede.tacc.utexas.edu)
Rank id  110 (c456-202.stampede.tacc.utexas.edu) communicated with rank id  270 (c469-802.stampede.tacc.utexas.edu)
Rank id  111 (c456-202.stampede.tacc.utexas.edu) communicated with rank id  271 (c469-802.stampede.tacc.utexas.edu)
Rank id  112 (c456-202.stampede.tacc.utexas.edu) communicated with rank id  272 (c469-802.stampede.tacc.utexas.edu)
Rank id  113 (c456-202.stampede.tacc.utexas.edu) communicated with rank id  273 (c469-802.stampede.tacc.utexas.edu)
Rank id  114 (c456-202.stampede.tacc.utexas.edu) communicated with rank id  274 (c469-802.stampede.tacc.utexas.edu)
Rank id  115 (c456-202.stampede.tacc.utexas.edu) communicated with rank id  275 (c469-802.stampede.tacc.utexas.edu)
Rank id  116 (c456-202-mic0.stampede.tacc.utexas.edu) communicated with rank id  276 (c469-802-mic0.stampede.tacc.utexas.edu)
Rank id  117 (c456-202-mic0.stampede.tacc.utexas.edu) communicated with rank id  277 (c469-802-mic0.stampede.tacc.utexas.edu)
Rank id  118 (c456-202-mic0.stampede.tacc.utexas.edu) communicated with rank id  278 (c469-802-mic0.stampede.tacc.utexas.edu)
Rank id  119 (c456-202-mic0.stampede.tacc.utexas.edu) communicated with rank id  279 (c469-802-mic0.stampede.tacc.utexas.edu)
Rank id  120 (c456-203.stampede.tacc.utexas.edu) communicated with rank id  280 (c469-803.stampede.tacc.utexas.edu)
Rank id  121 (c456-203.stampede.tacc.utexas.edu) communicated with rank id  281 (c469-803.stampede.tacc.utexas.edu)
Rank id  122 (c456-203.stampede.tacc.utexas.edu) communicated with rank id  282 (c469-803.stampede.tacc.utexas.edu)
Rank id  123 (c456-203.stampede.tacc.utexas.edu) communicated with rank id  283 (c469-803.stampede.tacc.utexas.edu)
Rank id  124 (c456-203.stampede.tacc.utexas.edu) communicated with rank id  284 (c469-803.stampede.tacc.utexas.edu)
Rank id  125 (c456-203.stampede.tacc.utexas.edu) communicated with rank id  285 (c469-803.stampede.tacc.utexas.edu)
Rank id  126 (c456-203.stampede.tacc.utexas.edu) communicated with rank id  286 (c469-803.stampede.tacc.utexas.edu)
Rank id  127 (c456-203.stampede.tacc.utexas.edu) communicated with rank id  287 (c469-803.stampede.tacc.utexas.edu)
Rank id  128 (c456-203.stampede.tacc.utexas.edu) communicated with rank id  288 (c469-803.stampede.tacc.utexas.edu)
Rank id  129 (c456-203.stampede.tacc.utexas.edu) communicated with rank id  289 (c469-803.stampede.tacc.utexas.edu)
Rank id  130 (c456-203.stampede.tacc.utexas.edu) communicated with rank id  290 (c469-803.stampede.tacc.utexas.edu)
Rank id  131 (c456-203.stampede.tacc.utexas.edu) communicated with rank id  291 (c469-803.stampede.tacc.utexas.edu)
Rank id  132 (c456-203.stampede.tacc.utexas.edu) communicated with rank id  292 (c469-803.stampede.tacc.utexas.edu)
Rank id  133 (c456-203.stampede.tacc.utexas.edu) communicated with rank id  293 (c469-803.stampede.tacc.utexas.edu)
Rank id  134 (c456-203.stampede.tacc.utexas.edu) communicated with rank id  294 (c469-803.stampede.tacc.utexas.edu)
Rank id  135 (c456-203.stampede.tacc.utexas.edu) communicated with rank id  295 (c469-803.stampede.tacc.utexas.edu)
Rank id  136 (c456-203-mic0.stampede.tacc.utexas.edu) communicated with rank id  296 (c469-803-mic0.stampede.tacc.utexas.edu)
Rank id  137 (c456-203-mic0.stampede.tacc.utexas.edu) communicated with rank id  297 (c469-803-mic0.stampede.tacc.utexas.edu)
Rank id  138 (c456-203-mic0.stampede.tacc.utexas.edu) communicated with rank id  298 (c469-803-mic0.stampede.tacc.utexas.edu)
Rank id  139 (c456-203-mic0.stampede.tacc.utexas.edu) communicated with rank id  299 (c469-803-mic0.stampede.tacc.utexas.edu)
Rank id  140 (c456-303.stampede.tacc.utexas.edu) communicated with rank id  300 (c469-804.stampede.tacc.utexas.edu)
Rank id  141 (c456-303.stampede.tacc.utexas.edu) communicated with rank id  301 (c469-804.stampede.tacc.utexas.edu)
Rank id  142 (c456-303.stampede.tacc.utexas.edu) communicated with rank id  302 (c469-804.stampede.tacc.utexas.edu)
Rank id  143 (c456-303.stampede.tacc.utexas.edu) communicated with rank id  303 (c469-804.stampede.tacc.utexas.edu)
Rank id  144 (c456-303.stampede.tacc.utexas.edu) communicated with rank id  304 (c469-804.stampede.tacc.utexas.edu)
Rank id  145 (c456-303.stampede.tacc.utexas.edu) communicated with rank id  305 (c469-804.stampede.tacc.utexas.edu)
Rank id  146 (c456-303.stampede.tacc.utexas.edu) communicated with rank id  306 (c469-804.stampede.tacc.utexas.edu)
Rank id  147 (c456-303.stampede.tacc.utexas.edu) communicated with rank id  307 (c469-804.stampede.tacc.utexas.edu)
Rank id  148 (c456-303.stampede.tacc.utexas.edu) communicated with rank id  308 (c469-804.stampede.tacc.utexas.edu)
Rank id  149 (c456-303.stampede.tacc.utexas.edu) communicated with rank id  309 (c469-804.stampede.tacc.utexas.edu)
Rank id  150 (c456-303.stampede.tacc.utexas.edu) communicated with rank id  310 (c469-804.stampede.tacc.utexas.edu)
Rank id  151 (c456-303.stampede.tacc.utexas.edu) communicated with rank id  311 (c469-804.stampede.tacc.utexas.edu)
Rank id  152 (c456-303.stampede.tacc.utexas.edu) communicated with rank id  312 (c469-804.stampede.tacc.utexas.edu)
Rank id  153 (c456-303.stampede.tacc.utexas.edu) communicated with rank id  313 (c469-804.stampede.tacc.utexas.edu)
Rank id  154 (c456-303.stampede.tacc.utexas.edu) communicated with rank id  314 (c469-804.stampede.tacc.utexas.edu)
Rank id  155 (c456-303.stampede.tacc.utexas.edu) communicated with rank id  315 (c469-804.stampede.tacc.utexas.edu)
Rank id  156 (c456-303-mic0.stampede.tacc.utexas.edu) communicated with rank id  316 (c469-804-mic0.stampede.tacc.utexas.edu)
Rank id  157 (c456-303-mic0.stampede.tacc.utexas.edu) communicated with rank id  317 (c469-804-mic0.stampede.tacc.utexas.edu)
Rank id  158 (c456-303-mic0.stampede.tacc.utexas.edu) communicated with rank id  318 (c469-804-mic0.stampede.tacc.utexas.edu)
Rank id  159 (c456-303-mic0.stampede.tacc.utexas.edu) communicated with rank id  319 (c469-804-mic0.stampede.tacc.utexas.edu)
Rank id  160 (c461-202.stampede.tacc.utexas.edu) communicated with rank id    0 (c405-004.stampede.tacc.utexas.edu)
Rank id  161 (c461-202.stampede.tacc.utexas.edu) communicated with rank id    1 (c405-004.stampede.tacc.utexas.edu)
Rank id  162 (c461-202.stampede.tacc.utexas.edu) communicated with rank id    2 (c405-004.stampede.tacc.utexas.edu)
Rank id  163 (c461-202.stampede.tacc.utexas.edu) communicated with rank id    3 (c405-004.stampede.tacc.utexas.edu)
Rank id  164 (c461-202.stampede.tacc.utexas.edu) communicated with rank id    4 (c405-004.stampede.tacc.utexas.edu)
Rank id  165 (c461-202.stampede.tacc.utexas.edu) communicated with rank id    5 (c405-004.stampede.tacc.utexas.edu)
Rank id  166 (c461-202.stampede.tacc.utexas.edu) communicated with rank id    6 (c405-004.stampede.tacc.utexas.edu)
Rank id  167 (c461-202.stampede.tacc.utexas.edu) communicated with rank id    7 (c405-004.stampede.tacc.utexas.edu)
Rank id  168 (c461-202.stampede.tacc.utexas.edu) communicated with rank id    8 (c405-004.stampede.tacc.utexas.edu)
Rank id  169 (c461-202.stampede.tacc.utexas.edu) communicated with rank id    9 (c405-004.stampede.tacc.utexas.edu)
Rank id  170 (c461-202.stampede.tacc.utexas.edu) communicated with rank id   10 (c405-004.stampede.tacc.utexas.edu)
Rank id  171 (c461-202.stampede.tacc.utexas.edu) communicated with rank id   11 (c405-004.stampede.tacc.utexas.edu)
Rank id  172 (c461-202.stampede.tacc.utexas.edu) communicated with rank id   12 (c405-004.stampede.tacc.utexas.edu)
Rank id  173 (c461-202.stampede.tacc.utexas.edu) communicated with rank id   13 (c405-004.stampede.tacc.utexas.edu)
Rank id  174 (c461-202.stampede.tacc.utexas.edu) communicated with rank id   14 (c405-004.stampede.tacc.utexas.edu)
Rank id  175 (c461-202.stampede.tacc.utexas.edu) communicated with rank id   15 (c405-004.stampede.tacc.utexas.edu)
Rank id  176 (c461-202-mic0.stampede.tacc.utexas.edu) communicated with rank id   16 (c405-004-mic0.stampede.tacc.utexas.edu)
Rank id  177 (c461-202-mic0.stampede.tacc.utexas.edu) communicated with rank id   17 (c405-004-mic0.stampede.tacc.utexas.edu)
Rank id  178 (c461-202-mic0.stampede.tacc.utexas.edu) communicated with rank id   18 (c405-004-mic0.stampede.tacc.utexas.edu)
Rank id  179 (c461-202-mic0.stampede.tacc.utexas.edu) communicated with rank id   19 (c405-004-mic0.stampede.tacc.utexas.edu)
Rank id  180 (c461-203.stampede.tacc.utexas.edu) communicated with rank id   20 (c426-902.stampede.tacc.utexas.edu)
Rank id  181 (c461-203.stampede.tacc.utexas.edu) communicated with rank id   21 (c426-902.stampede.tacc.utexas.edu)
Rank id  182 (c461-203.stampede.tacc.utexas.edu) communicated with rank id   22 (c426-902.stampede.tacc.utexas.edu)
Rank id  183 (c461-203.stampede.tacc.utexas.edu) communicated with rank id   23 (c426-902.stampede.tacc.utexas.edu)
Rank id  184 (c461-203.stampede.tacc.utexas.edu) communicated with rank id   24 (c426-902.stampede.tacc.utexas.edu)
Rank id  185 (c461-203.stampede.tacc.utexas.edu) communicated with rank id   25 (c426-902.stampede.tacc.utexas.edu)
Rank id  186 (c461-203.stampede.tacc.utexas.edu) communicated with rank id   26 (c426-902.stampede.tacc.utexas.edu)
Rank id  187 (c461-203.stampede.tacc.utexas.edu) communicated with rank id   27 (c426-902.stampede.tacc.utexas.edu)
Rank id  188 (c461-203.stampede.tacc.utexas.edu) communicated with rank id   28 (c426-902.stampede.tacc.utexas.edu)
Rank id  189 (c461-203.stampede.tacc.utexas.edu) communicated with rank id   29 (c426-902.stampede.tacc.utexas.edu)
Rank id  190 (c461-203.stampede.tacc.utexas.edu) communicated with rank id   30 (c426-902.stampede.tacc.utexas.edu)
Rank id  191 (c461-203.stampede.tacc.utexas.edu) communicated with rank id   31 (c426-902.stampede.tacc.utexas.edu)
Rank id  192 (c461-203.stampede.tacc.utexas.edu) communicated with rank id   32 (c426-902.stampede.tacc.utexas.edu)
Rank id  193 (c461-203.stampede.tacc.utexas.edu) communicated with rank id   33 (c426-902.stampede.tacc.utexas.edu)
Rank id  194 (c461-203.stampede.tacc.utexas.edu) communicated with rank id   34 (c426-902.stampede.tacc.utexas.edu)
Rank id  195 (c461-203.stampede.tacc.utexas.edu) communicated with rank id   35 (c426-902.stampede.tacc.utexas.edu)
Rank id  196 (c461-203-mic0.stampede.tacc.utexas.edu) communicated with rank id   36 (c426-902-mic0.stampede.tacc.utexas.edu)
Rank id  197 (c461-203-mic0.stampede.tacc.utexas.edu) communicated with rank id   37 (c426-902-mic0.stampede.tacc.utexas.edu)
Rank id  198 (c461-203-mic0.stampede.tacc.utexas.edu) communicated with rank id   38 (c426-902-mic0.stampede.tacc.utexas.edu)
Rank id  199 (c461-203-mic0.stampede.tacc.utexas.edu) communicated with rank id   39 (c426-902-mic0.stampede.tacc.utexas.edu)
Rank id  200 (c466-103.stampede.tacc.utexas.edu) communicated with rank id   40 (c456-001.stampede.tacc.utexas.edu)
Rank id  201 (c466-103.stampede.tacc.utexas.edu) communicated with rank id   41 (c456-001.stampede.tacc.utexas.edu)
Rank id  202 (c466-103.stampede.tacc.utexas.edu) communicated with rank id   42 (c456-001.stampede.tacc.utexas.edu)
Rank id  203 (c466-103.stampede.tacc.utexas.edu) communicated with rank id   43 (c456-001.stampede.tacc.utexas.edu)
Rank id  204 (c466-103.stampede.tacc.utexas.edu) communicated with rank id   44 (c456-001.stampede.tacc.utexas.edu)
Rank id  205 (c466-103.stampede.tacc.utexas.edu) communicated with rank id   45 (c456-001.stampede.tacc.utexas.edu)
Rank id  206 (c466-103.stampede.tacc.utexas.edu) communicated with rank id   46 (c456-001.stampede.tacc.utexas.edu)
Rank id  207 (c466-103.stampede.tacc.utexas.edu) communicated with rank id   47 (c456-001.stampede.tacc.utexas.edu)
Rank id  208 (c466-103.stampede.tacc.utexas.edu) communicated with rank id   48 (c456-001.stampede.tacc.utexas.edu)
Rank id  209 (c466-103.stampede.tacc.utexas.edu) communicated with rank id   49 (c456-001.stampede.tacc.utexas.edu)
Rank id  210 (c466-103.stampede.tacc.utexas.edu) communicated with rank id   50 (c456-001.stampede.tacc.utexas.edu)
Rank id  211 (c466-103.stampede.tacc.utexas.edu) communicated with rank id   51 (c456-001.stampede.tacc.utexas.edu)
Rank id  212 (c466-103.stampede.tacc.utexas.edu) communicated with rank id   52 (c456-001.stampede.tacc.utexas.edu)
Rank id  213 (c466-103.stampede.tacc.utexas.edu) communicated with rank id   53 (c456-001.stampede.tacc.utexas.edu)
Rank id  214 (c466-103.stampede.tacc.utexas.edu) communicated with rank id   54 (c456-001.stampede.tacc.utexas.edu)
Rank id  215 (c466-103.stampede.tacc.utexas.edu) communicated with rank id   55 (c456-001.stampede.tacc.utexas.edu)
Rank id  216 (c466-103-mic0.stampede.tacc.utexas.edu) communicated with rank id   56 (c456-001-mic0.stampede.tacc.utexas.edu)
Rank id  217 (c466-103-mic0.stampede.tacc.utexas.edu) communicated with rank id   57 (c456-001-mic0.stampede.tacc.utexas.edu)
Rank id  218 (c466-103-mic0.stampede.tacc.utexas.edu) communicated with rank id   58 (c456-001-mic0.stampede.tacc.utexas.edu)
Rank id  219 (c466-103-mic0.stampede.tacc.utexas.edu) communicated with rank id   59 (c456-001-mic0.stampede.tacc.utexas.edu)
Rank id  220 (c466-104.stampede.tacc.utexas.edu) communicated with rank id   60 (c456-104.stampede.tacc.utexas.edu)
Rank id  221 (c466-104.stampede.tacc.utexas.edu) communicated with rank id   61 (c456-104.stampede.tacc.utexas.edu)
Rank id  222 (c466-104.stampede.tacc.utexas.edu) communicated with rank id   62 (c456-104.stampede.tacc.utexas.edu)
Rank id  223 (c466-104.stampede.tacc.utexas.edu) communicated with rank id   63 (c456-104.stampede.tacc.utexas.edu)
Rank id  224 (c466-104.stampede.tacc.utexas.edu) communicated with rank id   64 (c456-104.stampede.tacc.utexas.edu)
Rank id  225 (c466-104.stampede.tacc.utexas.edu) communicated with rank id   65 (c456-104.stampede.tacc.utexas.edu)
Rank id  226 (c466-104.stampede.tacc.utexas.edu) communicated with rank id   66 (c456-104.stampede.tacc.utexas.edu)
Rank id  227 (c466-104.stampede.tacc.utexas.edu) communicated with rank id   67 (c456-104.stampede.tacc.utexas.edu)
Rank id  228 (c466-104.stampede.tacc.utexas.edu) communicated with rank id   68 (c456-104.stampede.tacc.utexas.edu)
Rank id  229 (c466-104.stampede.tacc.utexas.edu) communicated with rank id   69 (c456-104.stampede.tacc.utexas.edu)
Rank id  230 (c466-104.stampede.tacc.utexas.edu) communicated with rank id   70 (c456-104.stampede.tacc.utexas.edu)
Rank id  231 (c466-104.stampede.tacc.utexas.edu) communicated with rank id   71 (c456-104.stampede.tacc.utexas.edu)
Rank id  232 (c466-104.stampede.tacc.utexas.edu) communicated with rank id   72 (c456-104.stampede.tacc.utexas.edu)
Rank id  233 (c466-104.stampede.tacc.utexas.edu) communicated with rank id   73 (c456-104.stampede.tacc.utexas.edu)
Rank id  234 (c466-104.stampede.tacc.utexas.edu) communicated with rank id   74 (c456-104.stampede.tacc.utexas.edu)
Rank id  235 (c466-104.stampede.tacc.utexas.edu) communicated with rank id   75 (c456-104.stampede.tacc.utexas.edu)
Rank id  236 (c466-104-mic0.stampede.tacc.utexas.edu) communicated with rank id   76 (c456-104-mic0.stampede.tacc.utexas.edu)
Rank id  237 (c466-104-mic0.stampede.tacc.utexas.edu) communicated with rank id   77 (c456-104-mic0.stampede.tacc.utexas.edu)
Rank id  238 (c466-104-mic0.stampede.tacc.utexas.edu) communicated with rank id   78 (c456-104-mic0.stampede.tacc.utexas.edu)
Rank id  239 (c466-104-mic0.stampede.tacc.utexas.edu) communicated with rank id   79 (c456-104-mic0.stampede.tacc.utexas.edu)
Rank id  240 (c469-801.stampede.tacc.utexas.edu) communicated with rank id   80 (c456-201.stampede.tacc.utexas.edu)
Rank id  241 (c469-801.stampede.tacc.utexas.edu) communicated with rank id   81 (c456-201.stampede.tacc.utexas.edu)
Rank id  242 (c469-801.stampede.tacc.utexas.edu) communicated with rank id   82 (c456-201.stampede.tacc.utexas.edu)
Rank id  243 (c469-801.stampede.tacc.utexas.edu) communicated with rank id   83 (c456-201.stampede.tacc.utexas.edu)
Rank id  244 (c469-801.stampede.tacc.utexas.edu) communicated with rank id   84 (c456-201.stampede.tacc.utexas.edu)
Rank id  245 (c469-801.stampede.tacc.utexas.edu) communicated with rank id   85 (c456-201.stampede.tacc.utexas.edu)
Rank id  246 (c469-801.stampede.tacc.utexas.edu) communicated with rank id   86 (c456-201.stampede.tacc.utexas.edu)
Rank id  247 (c469-801.stampede.tacc.utexas.edu) communicated with rank id   87 (c456-201.stampede.tacc.utexas.edu)
Rank id  248 (c469-801.stampede.tacc.utexas.edu) communicated with rank id   88 (c456-201.stampede.tacc.utexas.edu)
Rank id  249 (c469-801.stampede.tacc.utexas.edu) communicated with rank id   89 (c456-201.stampede.tacc.utexas.edu)
Rank id  250 (c469-801.stampede.tacc.utexas.edu) communicated with rank id   90 (c456-201.stampede.tacc.utexas.edu)
Rank id  251 (c469-801.stampede.tacc.utexas.edu) communicated with rank id   91 (c456-201.stampede.tacc.utexas.edu)
Rank id  252 (c469-801.stampede.tacc.utexas.edu) communicated with rank id   92 (c456-201.stampede.tacc.utexas.edu)
Rank id  253 (c469-801.stampede.tacc.utexas.edu) communicated with rank id   93 (c456-201.stampede.tacc.utexas.edu)
Rank id  254 (c469-801.stampede.tacc.utexas.edu) communicated with rank id   94 (c456-201.stampede.tacc.utexas.edu)
Rank id  255 (c469-801.stampede.tacc.utexas.edu) communicated with rank id   95 (c456-201.stampede.tacc.utexas.edu)
Rank id  256 (c469-801-mic0.stampede.tacc.utexas.edu) communicated with rank id   96 (c456-201-mic0.stampede.tacc.utexas.edu)
Rank id  257 (c469-801-mic0.stampede.tacc.utexas.edu) communicated with rank id   97 (c456-201-mic0.stampede.tacc.utexas.edu)
Rank id  258 (c469-801-mic0.stampede.tacc.utexas.edu) communicated with rank id   98 (c456-201-mic0.stampede.tacc.utexas.edu)
Rank id  259 (c469-801-mic0.stampede.tacc.utexas.edu) communicated with rank id   99 (c456-201-mic0.stampede.tacc.utexas.edu)
Rank id  260 (c469-802.stampede.tacc.utexas.edu) communicated with rank id  100 (c456-202.stampede.tacc.utexas.edu)
Rank id  261 (c469-802.stampede.tacc.utexas.edu) communicated with rank id  101 (c456-202.stampede.tacc.utexas.edu)
Rank id  262 (c469-802.stampede.tacc.utexas.edu) communicated with rank id  102 (c456-202.stampede.tacc.utexas.edu)
Rank id  263 (c469-802.stampede.tacc.utexas.edu) communicated with rank id  103 (c456-202.stampede.tacc.utexas.edu)
Rank id  264 (c469-802.stampede.tacc.utexas.edu) communicated with rank id  104 (c456-202.stampede.tacc.utexas.edu)
Rank id  265 (c469-802.stampede.tacc.utexas.edu) communicated with rank id  105 (c456-202.stampede.tacc.utexas.edu)
Rank id  266 (c469-802.stampede.tacc.utexas.edu) communicated with rank id  106 (c456-202.stampede.tacc.utexas.edu)
Rank id  267 (c469-802.stampede.tacc.utexas.edu) communicated with rank id  107 (c456-202.stampede.tacc.utexas.edu)
Rank id  268 (c469-802.stampede.tacc.utexas.edu) communicated with rank id  108 (c456-202.stampede.tacc.utexas.edu)
Rank id  269 (c469-802.stampede.tacc.utexas.edu) communicated with rank id  109 (c456-202.stampede.tacc.utexas.edu)
Rank id  270 (c469-802.stampede.tacc.utexas.edu) communicated with rank id  110 (c456-202.stampede.tacc.utexas.edu)
Rank id  271 (c469-802.stampede.tacc.utexas.edu) communicated with rank id  111 (c456-202.stampede.tacc.utexas.edu)
Rank id  272 (c469-802.stampede.tacc.utexas.edu) communicated with rank id  112 (c456-202.stampede.tacc.utexas.edu)
Rank id  273 (c469-802.stampede.tacc.utexas.edu) communicated with rank id  113 (c456-202.stampede.tacc.utexas.edu)
Rank id  274 (c469-802.stampede.tacc.utexas.edu) communicated with rank id  114 (c456-202.stampede.tacc.utexas.edu)
Rank id  275 (c469-802.stampede.tacc.utexas.edu) communicated with rank id  115 (c456-202.stampede.tacc.utexas.edu)
Rank id  276 (c469-802-mic0.stampede.tacc.utexas.edu) communicated with rank id  116 (c456-202-mic0.stampede.tacc.utexas.edu)
Rank id  277 (c469-802-mic0.stampede.tacc.utexas.edu) communicated with rank id  117 (c456-202-mic0.stampede.tacc.utexas.edu)
Rank id  278 (c469-802-mic0.stampede.tacc.utexas.edu) communicated with rank id  118 (c456-202-mic0.stampede.tacc.utexas.edu)
Rank id  279 (c469-802-mic0.stampede.tacc.utexas.edu) communicated with rank id  119 (c456-202-mic0.stampede.tacc.utexas.edu)
Rank id  280 (c469-803.stampede.tacc.utexas.edu) communicated with rank id  120 (c456-203.stampede.tacc.utexas.edu)
Rank id  281 (c469-803.stampede.tacc.utexas.edu) communicated with rank id  121 (c456-203.stampede.tacc.utexas.edu)
Rank id  282 (c469-803.stampede.tacc.utexas.edu) communicated with rank id  122 (c456-203.stampede.tacc.utexas.edu)
Rank id  283 (c469-803.stampede.tacc.utexas.edu) communicated with rank id  123 (c456-203.stampede.tacc.utexas.edu)
Rank id  284 (c469-803.stampede.tacc.utexas.edu) communicated with rank id  124 (c456-203.stampede.tacc.utexas.edu)
Rank id  285 (c469-803.stampede.tacc.utexas.edu) communicated with rank id  125 (c456-203.stampede.tacc.utexas.edu)
Rank id  286 (c469-803.stampede.tacc.utexas.edu) communicated with rank id  126 (c456-203.stampede.tacc.utexas.edu)
Rank id  287 (c469-803.stampede.tacc.utexas.edu) communicated with rank id  127 (c456-203.stampede.tacc.utexas.edu)
Rank id  288 (c469-803.stampede.tacc.utexas.edu) communicated with rank id  128 (c456-203.stampede.tacc.utexas.edu)
Rank id  289 (c469-803.stampede.tacc.utexas.edu) communicated with rank id  129 (c456-203.stampede.tacc.utexas.edu)
Rank id  290 (c469-803.stampede.tacc.utexas.edu) communicated with rank id  130 (c456-203.stampede.tacc.utexas.edu)
Rank id  291 (c469-803.stampede.tacc.utexas.edu) communicated with rank id  131 (c456-203.stampede.tacc.utexas.edu)
Rank id  292 (c469-803.stampede.tacc.utexas.edu) communicated with rank id  132 (c456-203.stampede.tacc.utexas.edu)
Rank id  293 (c469-803.stampede.tacc.utexas.edu) communicated with rank id  133 (c456-203.stampede.tacc.utexas.edu)
Rank id  294 (c469-803.stampede.tacc.utexas.edu) communicated with rank id  134 (c456-203.stampede.tacc.utexas.edu)
Rank id  295 (c469-803.stampede.tacc.utexas.edu) communicated with rank id  135 (c456-203.stampede.tacc.utexas.edu)
Rank id  296 (c469-803-mic0.stampede.tacc.utexas.edu) communicated with rank id  136 (c456-203-mic0.stampede.tacc.utexas.edu)
Rank id  297 (c469-803-mic0.stampede.tacc.utexas.edu) communicated with rank id  137 (c456-203-mic0.stampede.tacc.utexas.edu)
Rank id  298 (c469-803-mic0.stampede.tacc.utexas.edu) communicated with rank id  138 (c456-203-mic0.stampede.tacc.utexas.edu)
Rank id  299 (c469-803-mic0.stampede.tacc.utexas.edu) communicated with rank id  139 (c456-203-mic0.stampede.tacc.utexas.edu)
Rank id  300 (c469-804.stampede.tacc.utexas.edu) communicated with rank id  140 (c456-303.stampede.tacc.utexas.edu)
Rank id  301 (c469-804.stampede.tacc.utexas.edu) communicated with rank id  141 (c456-303.stampede.tacc.utexas.edu)
Rank id  302 (c469-804.stampede.tacc.utexas.edu) communicated with rank id  142 (c456-303.stampede.tacc.utexas.edu)
Rank id  303 (c469-804.stampede.tacc.utexas.edu) communicated with rank id  143 (c456-303.stampede.tacc.utexas.edu)
Rank id  304 (c469-804.stampede.tacc.utexas.edu) communicated with rank id  144 (c456-303.stampede.tacc.utexas.edu)
Rank id  305 (c469-804.stampede.tacc.utexas.edu) communicated with rank id  145 (c456-303.stampede.tacc.utexas.edu)
Rank id  306 (c469-804.stampede.tacc.utexas.edu) communicated with rank id  146 (c456-303.stampede.tacc.utexas.edu)
Rank id  307 (c469-804.stampede.tacc.utexas.edu) communicated with rank id  147 (c456-303.stampede.tacc.utexas.edu)
Rank id  308 (c469-804.stampede.tacc.utexas.edu) communicated with rank id  148 (c456-303.stampede.tacc.utexas.edu)
Rank id  309 (c469-804.stampede.tacc.utexas.edu) communicated with rank id  149 (c456-303.stampede.tacc.utexas.edu)
Rank id  310 (c469-804.stampede.tacc.utexas.edu) communicated with rank id  150 (c456-303.stampede.tacc.utexas.edu)
Rank id  311 (c469-804.stampede.tacc.utexas.edu) communicated with rank id  151 (c456-303.stampede.tacc.utexas.edu)
Rank id  312 (c469-804.stampede.tacc.utexas.edu) communicated with rank id  152 (c456-303.stampede.tacc.utexas.edu)
Rank id  313 (c469-804.stampede.tacc.utexas.edu) communicated with rank id  153 (c456-303.stampede.tacc.utexas.edu)
Rank id  314 (c469-804.stampede.tacc.utexas.edu) communicated with rank id  154 (c456-303.stampede.tacc.utexas.edu)
Rank id  315 (c469-804.stampede.tacc.utexas.edu) communicated with rank id  155 (c456-303.stampede.tacc.utexas.edu)
Rank id  316 (c469-804-mic0.stampede.tacc.utexas.edu) communicated with rank id  156 (c456-303-mic0.stampede.tacc.utexas.edu)
Rank id  317 (c469-804-mic0.stampede.tacc.utexas.edu) communicated with rank id  157 (c456-303-mic0.stampede.tacc.utexas.edu)
Rank id  318 (c469-804-mic0.stampede.tacc.utexas.edu) communicated with rank id  158 (c456-303-mic0.stampede.tacc.utexas.edu)
Rank id  319 (c469-804-mic0.stampede.tacc.utexas.edu) communicated with rank id  159 (c456-303-mic0.stampede.tacc.utexas.edu)


MPI_Wtick returns           0.000001000
MPI_Wtime overhead          0.000000057
Ticks for minimum sample             39

 
TACC: Shutdown complete. Exiting.
