TACC: Starting up job 1703435
TACC: Starting parallel tasks...
  /opt/apps/intel13/impi/4.1.0.030/intel64/bin/mpiexec.hydra -iface br0 -configfile /home1/02636/uswickra/.slurm/config_file.1703435.TIErSm4M 
MPI Bidirectional latency test (Send/Recv)
             Processes    Max Latency (us)
------------------------------------------
                     2               2.801
                     4               2.098
                     8               2.539
                    16               2.801
                    20               9.859

Test Parameters
---------------
Operations per measurement :       10
Process pair allocation    :    block


Rank id    0 (c558-103.stampede.tacc.utexas.edu) communicated with rank id   10 (c558-104.stampede.tacc.utexas.edu)
Rank id    1 (c558-103.stampede.tacc.utexas.edu) communicated with rank id   11 (c558-104.stampede.tacc.utexas.edu)
Rank id    2 (c558-103.stampede.tacc.utexas.edu) communicated with rank id   12 (c558-104.stampede.tacc.utexas.edu)
Rank id    3 (c558-103.stampede.tacc.utexas.edu) communicated with rank id   13 (c558-104.stampede.tacc.utexas.edu)
Rank id    4 (c558-103.stampede.tacc.utexas.edu) communicated with rank id   14 (c558-104.stampede.tacc.utexas.edu)
Rank id    5 (c558-103.stampede.tacc.utexas.edu) communicated with rank id   15 (c558-104.stampede.tacc.utexas.edu)
Rank id    6 (c558-103.stampede.tacc.utexas.edu) communicated with rank id   16 (c558-104.stampede.tacc.utexas.edu)
Rank id    7 (c558-103.stampede.tacc.utexas.edu) communicated with rank id   17 (c558-104.stampede.tacc.utexas.edu)
Rank id    8 (c558-103-mic0.stampede.tacc.utexas.edu) communicated with rank id   18 (c558-104-mic0.stampede.tacc.utexas.edu)
Rank id    9 (c558-103-mic0.stampede.tacc.utexas.edu) communicated with rank id   19 (c558-104-mic0.stampede.tacc.utexas.edu)
Rank id   10 (c558-104.stampede.tacc.utexas.edu) communicated with rank id    0 (c558-103.stampede.tacc.utexas.edu)
Rank id   11 (c558-104.stampede.tacc.utexas.edu) communicated with rank id    1 (c558-103.stampede.tacc.utexas.edu)
Rank id   12 (c558-104.stampede.tacc.utexas.edu) communicated with rank id    2 (c558-103.stampede.tacc.utexas.edu)
Rank id   13 (c558-104.stampede.tacc.utexas.edu) communicated with rank id    3 (c558-103.stampede.tacc.utexas.edu)
Rank id   14 (c558-104.stampede.tacc.utexas.edu) communicated with rank id    4 (c558-103.stampede.tacc.utexas.edu)
Rank id   15 (c558-104.stampede.tacc.utexas.edu) communicated with rank id    5 (c558-103.stampede.tacc.utexas.edu)
Rank id   16 (c558-104.stampede.tacc.utexas.edu) communicated with rank id    6 (c558-103.stampede.tacc.utexas.edu)
Rank id   17 (c558-104.stampede.tacc.utexas.edu) communicated with rank id    7 (c558-103.stampede.tacc.utexas.edu)
Rank id   18 (c558-104-mic0.stampede.tacc.utexas.edu) communicated with rank id    8 (c558-103-mic0.stampede.tacc.utexas.edu)
Rank id   19 (c558-104-mic0.stampede.tacc.utexas.edu) communicated with rank id    9 (c558-103-mic0.stampede.tacc.utexas.edu)


MPI_Wtick returns           0.000001000
MPI_Wtime overhead          0.000000054
Ticks for minimum sample             42

 
TACC: Shutdown complete. Exiting.
