TACC: Starting up job 1880932
TACC: Starting parallel tasks...
  /opt/apps/intel13/impi/4.1.0.030/intel64/bin/mpiexec.hydra -iface br0 -configfile /home1/02636/uswickra/.slurm/config_file.1880932.UGfDAHP9 
params:  25769803776 20
params:  6442450944 4
params:  6442450944 4
params:  6442450944 4
params:  6442450944 4
params:  6442450944 4
params:  6442450944 4
params:  6442450944 4
params:  6442450944 4
params:  6442450944 4
params:  6442450944 4
params:  6442450944 4
params:  6442450944 4
params:  6442450944 4
params:  6442450944 4
params:  6442450944 4
params:  6442450944 4
params:  6442450944 4
params:  6442450944 4
params:  6442450944 4
params:  6442450944 4
params:  6442450944 4
params:  6442450944 4
params:  6442450944 4
params:  6442450944 4
params:  6442450944 4
params:  6442450944 4
params:  6442450944 4
params:  6442450944 4
params:  6442450944 4
params:  6442450944 4
params:  6442450944 4
params:  6442450944 4
params:  6442450944 4
params:  6442450944 4
params:  6442450944 4
params:  6442450944 4
params:  6442450944 4
params:  6442450944 4
params:  6442450944 4
params:  6442450944 4
params:  6442450944 4
params:  6442450944 4
params:  6442450944 4
params:  6442450944 4
params:  6442450944 4
params:  6442450944 4
params:  6442450944 4
params:  6442450944 4
params:  6442450944 4
params:  6442450944 4
params:  6442450944 4
params:  6442450944 4
params:  25769803776 20
params:  25769803776 20
params:  6442450944 4
params:  6442450944 4
params:  6442450944 4
params:  6442450944 4
params:  25769803776 20
params:  25769803776 20
params:  25769803776 20
params:  6442450944 4
params:  6442450944 4
params:  6442450944 4
params:  6442450944 4
params:  25769803776 20
params:  25769803776 20
params:  6442450944 4
params:  6442450944 4
params:  6442450944 4
params:  6442450944 4
params:  25769803776 20
params:  25769803776 20
params:  25769803776 20
params:  25769803776 20
params:  25769803776 20
params:  25769803776 20
params:  25769803776 20
params:  25769803776 20
MPI Bidirectional latency test (Send/Recv)
             Processes    Max Latency (us)
------------------------------------------
APPLICATION TERMINATED WITH THE EXIT STRING: Segmentation fault (signal 11)
TACC: MPI job exited with code: 11
 
TACC: Shutdown complete. Exiting.
