TACC: Starting up job 1880935
TACC: Starting parallel tasks...
  /opt/apps/intel13/impi/4.1.0.030/intel64/bin/mpiexec.hydra -iface br0 -configfile /home1/02636/uswickra/.slurm/config_file.1880935.q7qKTN57 
params:  6442450944 60
params:  6442450944 60
params:  6442450944 60
params:  6442450944 60
params:  6442450944 60
params:  6442450944 60
params:  6442450944 60
params:  6442450944 60
params:  6442450944 60
params:  6442450944 60
params:  6442450944 60
params:  6442450944 60
params:  6442450944 60
params:  6442450944 60
params:  6442450944 60
params:  6442450944 60
params:  6442450944 60
params:  6442450944 60
params:  6442450944 60
params:  6442450944 60
params:  6442450944 60
params:  6442450944 60
params:  6442450944 60
params:  6442450944 60
params:  6442450944 60
params:  6442450944 60
params:  6442450944 60
params:  6442450944 60
params:  6442450944 60
params:  6442450944 60
params:  6442450944 60
params:  6442450944 60
params:  6442450944 60
params:  6442450944 60
params:  6442450944 60
params:  6442450944 60
params:  6442450944 60
params:  6442450944 60
params:  6442450944 60
params:  6442450944 60
params:  6442450944 60
params:  6442450944 60
params:  6442450944 60
params:  6442450944 60
params:  6442450944 60
params:  6442450944 60
params:  6442450944 60
params:  6442450944 60
params:  6442450944 60
params:  6442450944 60
params:  6442450944 60
params:  6442450944 60
params:  6442450944 60
params:  6442450944 60
params:  6442450944 60
params:  6442450944 60
params:  6442450944 60
params:  6442450944 60
params:  6442450944 60
params:  6442450944 60
MPI Bidirectional latency test (Send/Recv)
             Processes    Max Latency (us)
------------------------------------------
APPLICATION TERMINATED WITH THE EXIT STRING: Segmentation fault (signal 11)
TACC: MPI job exited with code: 11
 
TACC: Shutdown complete. Exiting.
