TACC: Starting up job 1906115
TACC: Starting parallel tasks...
  /opt/apps/intel13/impi/4.1.0.030/intel64/bin/mpiexec.hydra -iface br0 -configfile /home1/02636/uswickra/.slurm/config_file.1906115.C6wQs1we 
params:  6442450944 4
params:  6442450944 4
params:  6442450944 4
params:  6442450944 4

Unidirectional and Bidirectional Communication Test

  Test            Processes  Message Size (bytes)   Bandwidth (MB)  Op time (us)
--------------------------------------------------------------------------------
Active comm good
Active comm good
unicom start
unicom -2 
unicom -1
unicom 0
generic_barrier() --> curr  comm good
after comm_rank()!  :rank :1 size:2  
after weird loop !  
genric barrier 2 [before] 
unicom start
unicom -2 
unicom -1
unicom 0
generic_barrier() --> curr  comm good
after comm_rank()!  :rank :0 size:2  
after weird loop !  
genric barrier 2 [before] 
TACC: MPI job exited with code: 1
 
TACC: Shutdown complete. Exiting.
