TACC: Starting up job 1908821
TACC: Starting parallel tasks...
  /opt/apps/intel13/impi/4.1.0.030/intel64/bin/mpiexec.hydra -iface br0 -configfile /home1/02636/uswickra/.slurm/config_file.1908821.3RdYzOmq 
params:  6442450944 4
params:  6442450944 4
params:  6442450944 4
params:  6442450944 4

Unidirectional and Bidirectional Communication Test

  Test            Processes  Message Size (bytes)   Bandwidth (MB)  Op time (us)
---------------------rank: 1  size:4  procsSize:2 .
createActiveComm() procIdx:0 rank: 1  size:4  procs:2 procsperNode:0 .
rank: 2  size:4  procsSize:2 .
createActiveComm() procIdx:0 rank: 2  size:4  procs:2 procsperNode:0 .
rank: 3  size:4  procsSize:2 .
createActiveComm() procIdx:0 rank: 3  size:4  procs:2 procsperNode:0 .
-----------------------------------------------------------
rank: 0  size:4  procsSize:2 .

Current pairs, block allocation
      0:    2

createActiveComm() procIdx:0 rank: 0  size:4  procs:2 procsperNode:0 .
Active comm good
rank: 0  runUnicomTest().
rank: 0  runUnicomTest().
rank: 0  runUnicomTest().
rank: 0  runUnicomTest().
rank: 0  runUnicomTest().
rank: 0  runUnicomTest().
rank: 0  runUnicomTest().
rank: 0  runUnicomTest().
Active comm good
rank: 2  runUnicomTest().
rank: 2  runUnicomTest().
rank: 2  runUnicomTest().
rank: 2  runUnicomTest().
rank: 2  runUnicomTest().
rank: 2  runUnicomTest().
rank: 2  runUnicomTest().
rank: 2  runUnicomTest().
rank: 2  runUnicomTest().
rank: 2  runUnicomTest().
rank: 2  runUnicomTest().
rank: 2  runUnicomTest().
rank: 2  runUnicomTest().
rank: 2  runUnicomTest().
rank: 2  runUnicomTest().
rank: 2  runUnicomTest().
rank: 2  runUnicomTest().
rank: 2  runUnicomTest().
rank: 2  runUnicomTest().
HMPI comm_free() 
HMPI comm net_comm NOT NULL  
HMPI comm node_comm NOT NULL  
HMPI comm comm NOT NULL  
createActiveComm() procIdx:1 rank: 2  size:4  procs:4 procsperNode:0 .
rank: 0  runUnicomTest().
rank: 0  runUnicomTest().
rank: 0  runUnicomTest().
rank: 0  runUnicomTest().
rank: 0  runUnicomTest().
rank: 0  runUnicomTest().
rank: 0  runUnicomTest().
rank: 0  runUnicomTest().
rank: 0  runUnicomTest().
rank: 0  runUnicomTest().
rank: 0  runUnicomTest().
HMPI comm_free() 
HMPI comm net_comm NOT NULL  
HMPI comm node_comm NOT NULL  
HMPI comm comm NOT NULL  


Current pairs, block allocation
      0:    2
      1:    3

createActiveComm() procIdx:1 rank: 0  size:4  procs:4 procsperNode:0 .
TACC: MPI job exited with code: 1
 
TACC: Shutdown complete. Exiting.
