TACC: Starting up job 1913097
TACC: Starting parallel tasks...
  /opt/apps/intel13/impi/4.1.0.030/intel64/bin/mpiexec.hydra -iface br0 -configfile /home1/02636/uswickra/.slurm/config_file.1913097.KGjrllLL 
params:  6442450944 4
params:  6442450944 4
params:  6442450944 4
params:  6442450944 4
DEBUG_ HELLO INIT_COMM comm good   
DEBUG_HMPIComm_ init_communcitor(c) [inside]  
DEBUG_HMPIComm_ init_communcitor(c) [after] rank:2 
DEBUG_ HELLO INIT_COMM comm good   
DEBUG_HMPIComm_ init_communcitor(c) [inside]  
DEBUG_HMPIComm_ init_communcitor(c) [after] rank:0 
DEBUG_ HELLO INIT_COMM comm good   
DEBUG_HMPIComm_ init_communcitor(c) [inside]  
DEBUG_HMPIComm_ init_communcitor(c) [after] rank:3 
DEBUG_ HELLO INIT_COMM comm good   
DEBUG_HMPIComm_ init_communcitor(c) [inside]  
DEBUG_HMPIComm_ init_communcitor(c) [after] rank:1 
DEBUG_HMPIComm_ node_rank init()  rank:0 
DEBUG_ INIT_NODE_COMM Node_comm is good...  rank:0 
DEBUG_HMPIComm_  node_rank init()  [after] rank:0 
DEBUG_HMPIComm_ node_rank init()  rank:1 
DEBUG_ INIT_NODE_COMM Node_comm is good...  rank:1 
DEBUG_HMPIComm_  node_rank init()  [after] rank:1 
DEBUG_HMPIComm_ node_rank init()  rank:2 
DEBUG_ INIT_NODE_COMM Node_comm is good...  rank:2 
DEBUG_HMPIComm_  node_rank init()  [after] rank:2 
DEBUG_HMPIComm_ node_rank init()  rank:3 
DEBUG_ INIT_NODE_COMM Node_comm is good...  rank:3 
DEBUG_HMPIComm_  node_rank init()  [after] rank:3 
DEBUG_ HELLO INIT_COMM comm good   
DEBUG_HMPIComm_ init_communcitor(c) [inside]  
DEBUG_HMPIComm_ init_communcitor(c) [after] rank:0 
DEBUG_ HELLO INIT_COMM comm good   
DEBUG_HMPIComm_ init_communcitor(c) [inside]  
DEBUG_HMPIComm_ init_communcitor(c) [after] rank:1 
DEBUG_HMPIComm_ node_rank init()  rank:1 
DEBUG_ INIT_NODE_COMM Node_comm is good...  rank:1 
DEBUG_HMPIComm_  node_rank init()  [after] rank:1 
DEBUG_ HELLO INIT_COMM comm good   
DEBUG_HMPIComm_ init_communcitor(c) [inside]  
DEBUG_HMPIComm_ init_communcitor(c) [after] rank:2 
DEBUG_HMPIComm_ node_rank init()  rank:2 
DEBUG_ INIT_NODE_COMM Node_comm is good...  rank:2 
DEBUG_HMPIComm_  node_rank init()  [after] rank:2 
DEBUG_ HELLO INIT_COMM comm good   
DEBUG_HMPIComm_ init_communcitor(c) [inside]  
DEBUG_HMPIComm_ init_communcitor(c) [after] rank:3 
DEBUG_HMPIComm_ node_rank init()  rank:3 
DEBUG_ INIT_NODE_COMM Node_comm is good...  rank:3 
DEBUG_HMPIComm_  node_rank init()  [after] rank:3 
DEBUG_HMPIComm_ node_rank init()  rank:0 
DEBUG_ INIT_NODE_COMM Node_comm is good...  rank:0 
DEBUG_HMPIComm_  node_rank init()  [after] rank:0 
DEBUG_ HELLO INIT_COMM comm good   
DEBUG_HMPIComm_ init_communcitor(c) [inside]  
DEBUG_HMPIComm_ init_communcitor(c) [after] rank:0 
DEBUG_ HELLO INIT_COMM comm good   
DEBUG_HMPIComm_ init_communcitor(c) [inside]  
DEBUG_HMPIComm_ init_communcitor(c) [after] rank:1 
DEBUG_HMPIComm_ node_rank init()  rank:1 
DEBUG_ INIT_NODE_COMM Node_comm is good...  rank:1 
DEBUG_HMPIComm_  node_rank init()  [after] rank:1 
DEBUG_ HELLO INIT_COMM comm good   
DEBUG_HMPIComm_ init_communcitor(c) [inside]  
DEBUG_HMPIComm_ init_communcitor(c) [after] rank:2 
DEBUG_HMPIComm_ node_rank init()  rank:2 
DEBUG_ INIT_NODE_COMM Node_comm is good...  rank:2 
DEBUG_HMPIComm_  node_rank init()  [after] rank:2 
DEBUG_ HELLO INIT_COMM comm good   
DEBUG_HMPIComm_ init_communcitor(c) [inside]  
DEBUG_HMPIComm_ init_communcitor(c) [after] rank:3 
DEBUG_HMPIComm_ node_rank init()  rank:3 
DEBUG_ INIT_NODE_COMM Node_comm is good...  rank:3 
DEBUG_HMPIComm_  node_rank init()  [after] rank:3 
DEBUG_HMPIComm_ node_rank init()  rank:0 
DEBUG_ INIT_NODE_COMM Node_comm is good...  rank:0 
DEBUG_HMPIComm_  node_rank init()  [after] rank:0 

Unidirectional and Bidirectional Communication Test

  Test            Processes  Message Size (bytes)   Bandwidth (MB)  Op time (us)
---rank: 1  size:4  procsSize:2 .
createActiveComm() procIdx:0 rank: 1  size:4  procs:2 procsperNode:0 .
MPI Comm_group() rank:1 
MPI Comm_group_incl() rank:1  procs:2  actv1:0 actv2:2 
MPI Comm_create() rank:1  procs:2 
DEBUG_HMPIComm_create 
rank: 2  size:4  procsSize:2 .
createActiveComm() procIdx:0 rank: 2  size:4  procs:2 procsperNode:0 .
MPI Comm_group() rank:2 
MPI Comm_group_incl() rank:2  procs:2  actv1:0 actv2:2 
MPI Comm_create() rank:2  procs:2 
DEBUG_HMPIComm_create 
-----------------------------------------------------------------------------
rank: 0  size:4  procsSize:2 .

Current pairs, block allocation
      0:    2

createActiveComm() procIdx:0 rank: 0  size:4  procs:2 procsperNode:0 .
MPI Comm_group() rank:0 
MPI Comm_group_incl() rank:0  procs:2  actv1:0 actv2:2 
rank: 3  size:4  procsSize:2 .
createActiveComm() procIdx:0 rank: 3  size:4  procs:2 procsperNode:0 .
MPI Comm_group() rank:3 
MPI Comm_group_incl() rank:3  procs:2  actv1:0 actv2:2 
MPI Comm_create() rank:3  procs:2 
DEBUG_HMPIComm_create 
MPI Comm_create() rank:0  procs:2 
DEBUG_HMPIComm_create 
DEBUG_  HMPI_COMM_CREATE comm good rank:3  
DEBUG_ NEW_HMPI_COMM_CREATE comm NULL! return from HMPI_Comm_create() 
Active comm good  rank:3 
DEBUG_  HMPI_COMM_CREATE comm good rank:0  
DEBUG_  NEW_HMPI_COMM_CREATE comm good   
DEBUG_ NEW_HMPI_COMM_CREATE comm good MY_rank: :0 
DEBUG_HMPIComm_create init_communicator() [after] 
DEBUG_ HELLO INIT_COMM comm good   
DEBUG_HMPIComm_ init_communcitor(c) [inside]  
DEBUG_HMPIComm_ init_communcitor(c) [after] rank:0 
DEBUG_  HMPI_COMM_CREATE comm good rank:1  
DEBUG_ NEW_HMPI_COMM_CREATE comm NULL! return from HMPI_Comm_create() 
Active comm good  rank:1 
MPI CreateActiveComm() [EXIT] rank:1 
createActiveComm() [after] procIdx:0 rank: 1 .
rank: 1  runUnicomTest().
unicom start
unicom -2 
DEBUG_  HMPI_COMM_CREATE comm good rank:2  
DEBUG_  NEW_HMPI_COMM_CREATE comm good   
DEBUG_ NEW_HMPI_COMM_CREATE comm good MY_rank: :1 
DEBUG_HMPIComm_create init_communicator() [after] 
DEBUG_ HELLO INIT_COMM comm good   
DEBUG_HMPIComm_ init_communcitor(c) [inside]  
DEBUG_HMPIComm_ init_communcitor(c) [after] rank:1 
DEBUG_HMPIComm_ node_rank init()  rank:1 
DEBUG_ INIT_NODE_COMM Node_comm is good...  rank:1 
DEBUG_HMPIComm_  node_rank init()  [after] rank:1 
Active comm good  rank:2 
MPI CreateActiveComm() [EXIT] rank:2 
createActiveComm() [after] procIdx:0 rank: 2 .
rank: 2  runUnicomTest().
unicom start
unicom -2 
unicom -1
unicom 0
generic_barrier() --> curr  comm good
after comm_rank()!  :rank :1 size:2  
after weird loop !  
genric barrier 2 [before] destination:0 
MPI CreateActiveComm() [EXIT] rank:3 
createActiveComm() [after] procIdx:0 rank: 3 .
rank: 3  runUnicomTest().
unicom start
unicom -2 
DEBUG_HMPIComm_ node_rank init()  rank:0 
DEBUG_ INIT_NODE_COMM Node_comm is good...  rank:0 
DEBUG_HMPIComm_  node_rank init()  [after] rank:0 
Active comm good  rank:0 
MPI CreateActiveComm() [EXIT] rank:0 
createActiveComm() [after] procIdx:0 rank: 0 .
rank: 0  runUnicomTest().
unicom start
unicom -2 
unicom -1
unicom 0
generic_barrier() --> curr  comm good
after comm_rank()!  :rank :0 size:2  
after weird loop !  
genric barrier 2 [before] destination:1 
HMPI_SENDRECV()  source: 1 
HMPI_SENDRECV()  after Irecv() 
HMPI_SENDRECV()  source: 0 
HMPI_SENDRECV()  after Irecv() 
HMPI_SENDRECV()  after Send() 
