TACC: Starting up job 1917772
TACC: Starting parallel tasks...
  /opt/apps/intel13/impi/4.1.0.030/intel64/bin/mpiexec.hydra -iface br0 -configfile /home1/02636/uswickra/.slurm/config_file.1917772.1T1N7TLr 
params:  6442450944 4
params:  6442450944 4
params:  6442450944 4
params:  6442450944 4

Unidirectional and Bidirectional Communication Test

  Test            Processes  Message Size (bytes)   Bandwidth (MB)  Op time (us)
--------------------------------------------------------------------------------
RUN_UNICOM  rank: 1 
RUN_UNICOM  rank: 3 
RUN_UNICOM  rank: 0 
RUN_UNICOM [after]  rank: 0 
RUN_UNICOM [new_rank]  rank: 0 
RUN_UNICOM  rank: 2 
RUN_UNICOM [after]  rank: 2 
RUN_UNICOM [new_rank]  rank: 1 
RUN_UNICOM [enter barrier1]  rank: 2 
RUN_UNICOM [enter barrier2]  rank: 2 
RUN_UNICOM [exit barrier1,2]  rank: 2 
RUN_UNICOM [enter barrier1]  rank: 0 
RUN_UNICOM [enter barrier2]  rank: 0 
RUN_UNICOM [exit barrier1,2]  rank: 0 
RUN_UNICOM  rank: 1 
RUN_UNICOM  rank: 2 
RUN_UNICOM [after]  rank: 2 
RUN_UNICOM [new_rank]  rank: 1 
RUN_UNICOM  rank: 3 
  Unidirectional          2                    32            5.716         2.799
RUN_UNICOM  rank: 0 
RUN_UNICOM [after]  rank: 0 
RUN_UNICOM [new_rank]  rank: 0 
RUN_UNICOM [enter barrier1]  rank: 0 
RUN_UNICOM [enter barrier2]  rank: 0 
RUN_UNICOM [exit barrier1,2]  rank: 0 
RUN_UNICOM [enter barrier1]  rank: 2 
RUN_UNICOM [enter barrier2]  rank: 2 
RUN_UNICOM [exit barrier1,2]  rank: 2 
  Unidirectional          2                    64           15.030         2.129
RUN_UNICOM  rank: 0 
RUN_UNICOM [after]  rank: 0 
RUN_UNICOM [new_rank]  rank: 0 
RUN_UNICOM [enter barrier1]  rank: 0 
RUN_UNICOM  rank: 1 
RUN_UNICOM  rank: 2 
RUN_UNICOM [after]  rank: 2 
RUN_UNICOM [new_rank]  rank: 1 
RUN_UNICOM [enter barrier1]  rank: 2 
RUN_UNICOM [enter barrier2]  rank: 2 
RUN_UNICOM [exit barrier1,2]  rank: 2 
RUN_UNICOM  rank: 3 
RUN_UNICOM [enter barrier2]  rank: 0 
RUN_UNICOM [exit barrier1,2]  rank: 0 
RUN_UNICOM  rank: 1 
RUN_UNICOM  rank: 3 
  Unidirectional          2                   128           26.897         2.379
RUN_UNICOM  rank: 0 
RUN_UNICOM [after]  rank: 0 
RUN_UNICOM [new_rank]  rank: 0 
RUN_UNICOM [enter barrier1]  rank: 0 
RUN_UNICOM [enter barrier2]  rank: 0 
RUN_UNICOM [exit barrier1,2]  rank: 0 
RUN_UNICOM  rank: 2 
RUN_UNICOM [after]  rank: 2 
RUN_UNICOM [new_rank]  rank: 1 
RUN_UNICOM [enter barrier1]  rank: 2 
RUN_UNICOM [enter barrier2]  rank: 2 
RUN_UNICOM [exit barrier1,2]  rank: 2 
RUN_UNICOM  rank: 1 
  Unidirectional          2                   256           43.684         2.930
RUN_UNICOM  rank: 0 
RUN_UNICOM [after]  rank: 0 
RUN_UNICOM [new_rank]  rank: 0 
RUN_UNICOM [enter barrier1]  rank: 0 
RUN_UNICOM [enter barrier2]  rank: 0 
RUN_UNICOM [exit barrier1,2]  rank: 0 
RUN_UNICOM  rank: 2 
RUN_UNICOM [after]  rank: 2 
RUN_UNICOM [new_rank]  rank: 1 
RUN_UNICOM [enter barrier1]  rank: 2 
RUN_UNICOM [enter barrier2]  rank: 2 
RUN_UNICOM [exit barrier1,2]  rank: 2 
RUN_UNICOM  rank: 3 
  Unidirectional          2                   512           98.418         2.601
RUN_UNICOM  rank: 0 
RUN_UNICOM [after]  rank: 0 
RUN_UNICOM [new_rank]  rank: 0 
RUN_UNICOM [enter barrier1]  rank: 0 
RUN_UNICOM  rank: 1 
RUN_UNICOM  rank: 2 
RUN_UNICOM [after]  rank: 2 
RUN_UNICOM [new_rank]  rank: 1 
RUN_UNICOM [enter barrier1]  rank: 2 
RUN_UNICOM [enter barrier2]  rank: 2 
RUN_UNICOM [exit barrier1,2]  rank: 2 
RUN_UNICOM  rank: 3 
RUN_UNICOM [enter barrier2]  rank: 0 
RUN_UNICOM [exit barrier1,2]  rank: 0 
RUN_UNICOM  rank: 1 
  Unidirectional          2                  1024          257.184         1.991
RUN_UNICOM  rank: 0 
RUN_UNICOM [after]  rank: 0 
RUN_UNICOM [new_rank]  rank: 0 
RUN_UNICOM [enter barrier1]  rank: 0 
RUN_UNICOM [enter barrier2]  rank: 0 
RUN_UNICOM [exit barrier1,2]  rank: 0 
RUN_UNICOM  rank: 2 
RUN_UNICOM [after]  rank: 2 
RUN_UNICOM [new_rank]  rank: 1 
RUN_UNICOM [enter barrier1]  rank: 2 
RUN_UNICOM [enter barrier2]  rank: 2 
RUN_UNICOM [exit barrier1,2]  rank: 2 
RUN_UNICOM  rank: 3 
RUN_UNICOM  rank: 3 
  Unidirectional          2                  2048          467.352         2.191
RUN_UNICOM  rank: 0 
RUN_UNICOM [after]  rank: 0 
RUN_UNICOM [new_rank]  rank: 0 
RUN_UNICOM [enter barrier1]  rank: 0 
RUN_UNICOM  rank: 1 
RUN_UNICOM  rank: 2 
RUN_UNICOM [after]  rank: 2 
RUN_UNICOM [new_rank]  rank: 1 
RUN_UNICOM [enter barrier1]  rank: 2 
RUN_UNICOM [enter barrier2]  rank: 2 
RUN_UNICOM [exit barrier1,2]  rank: 2 
RUN_UNICOM [enter barrier2]  rank: 0 
RUN_UNICOM [exit barrier1,2]  rank: 0 
RUN_UNICOM  rank: 1 
  Unidirectional          2                  4096          812.671         2.520
RUN_UNICOM  rank: 0 
RUN_UNICOM [after]  rank: 0 
RUN_UNICOM [new_rank]  rank: 0 
RUN_UNICOM [enter barrier1]  rank: 0 
RUN_UNICOM [enter barrier2]  rank: 0 
RUN_UNICOM  rank: 2 
RUN_UNICOM [after]  rank: 2 
RUN_UNICOM [new_rank]  rank: 1 
RUN_UNICOM [enter barrier1]  rank: 2 
RUN_UNICOM [enter barrier2]  rank: 2 
RUN_UNICOM [exit barrier1,2]  rank: 2 
RUN_UNICOM  rank: 3 
RUN_UNICOM [exit barrier1,2]  rank: 0 
RUN_UNICOM  rank: 1 
  Unidirectional          2                  8192         1103.396         3.712
RUN_UNICOM  rank: 0 
RUN_UNICOM [after]  rank: 0 
RUN_UNICOM [new_rank]  rank: 0 
RUN_UNICOM  rank: 2 
RUN_UNICOM [after]  rank: 2 
RUN_UNICOM [new_rank]  rank: 1 
RUN_UNICOM [enter barrier1]  rank: 2 
RUN_UNICOM [enter barrier2]  rank: 2 
RUN_UNICOM [exit barrier1,2]  rank: 2 
RUN_UNICOM  rank: 3 
RUN_UNICOM [enter barrier1]  rank: 0 
RUN_UNICOM [enter barrier2]  rank: 0 
RUN_UNICOM [exit barrier1,2]  rank: 0 
RUN_UNICOM  rank: 1 
  Unidirectional          2                 16384         1828.618         4.480
RUN_UNICOM  rank: 0 
RUN_UNICOM [after]  rank: 0 
RUN_UNICOM [new_rank]  rank: 0 
RUN_UNICOM  rank: 2 
RUN_UNICOM [after]  rank: 2 
RUN_UNICOM [new_rank]  rank: 1 
RUN_UNICOM  rank: 3 
RUN_UNICOM [enter barrier1]  rank: 0 
RUN_UNICOM [enter barrier2]  rank: 0 
RUN_UNICOM [exit barrier1,2]  rank: 0 
RUN_UNICOM [enter barrier1]  rank: 2 
RUN_UNICOM [enter barrier2]  rank: 2 
RUN_UNICOM [exit barrier1,2]  rank: 2 
RUN_UNICOM  rank: 1 
  Unidirectional          2                 32768         1743.264         9.398
RUN_UNICOM  rank: 0 
RUN_UNICOM [after]  rank: 0 
RUN_UNICOM [new_rank]  rank: 0 
RUN_UNICOM  rank: 2 
RUN_UNICOM [after]  rank: 2 
RUN_UNICOM [new_rank]  rank: 1 
RUN_UNICOM  rank: 3 
RUN_UNICOM [enter barrier1]  rank: 0 
RUN_UNICOM [enter barrier2]  rank: 0 
RUN_UNICOM [exit barrier1,2]  rank: 0 
RUN_UNICOM [enter barrier1]  rank: 2 
RUN_UNICOM [enter barrier2]  rank: 2 
RUN_UNICOM [exit barrier1,2]  rank: 2 
RUN_UNICOM  rank: 1 
RUN_UNICOM  rank: 2 
RUN_UNICOM [after]  rank: 2 
RUN_UNICOM [new_rank]  rank: 1 
RUN_UNICOM  rank: 3 
  Unidirectional          2                 65536         1602.413        20.449
RUN_UNICOM  rank: 0 
RUN_UNICOM [after]  rank: 0 
RUN_UNICOM [new_rank]  rank: 0 
RUN_UNICOM [enter barrier1]  rank: 0 
RUN_UNICOM [enter barrier2]  rank: 0 
RUN_UNICOM [exit barrier1,2]  rank: 0 
RUN_UNICOM [enter barrier1]  rank: 2 
RUN_UNICOM [enter barrier2]  rank: 2 
RUN_UNICOM [exit barrier1,2]  rank: 2 
RUN_UNICOM  rank: 1 
RUN_UNICOM  rank: 3 
  Unidirectional          2                131072         1694.789        38.669
RUN_UNICOM  rank: 0 
RUN_UNICOM [after]  rank: 0 
RUN_UNICOM [new_rank]  rank: 0 
RUN_UNICOM  rank: 2 
RUN_UNICOM [after]  rank: 2 
RUN_UNICOM [new_rank]  rank: 1 
RUN_UNICOM [enter barrier1]  rank: 0 
RUN_UNICOM [enter barrier2]  rank: 0 
RUN_UNICOM [exit barrier1,2]  rank: 0 
RUN_UNICOM [enter barrier1]  rank: 2 
RUN_UNICOM [enter barrier2]  rank: 2 
RUN_UNICOM [exit barrier1,2]  rank: 2 
RUN_UNICOM  rank: 1 
RUN_UNICOM  rank: 3 
  Unidirectional          2                262144         1784.226        73.462
RUN_UNICOM  rank: 0 
RUN_UNICOM [after]  rank: 0 
RUN_UNICOM [new_rank]  rank: 0 
RUN_UNICOM  rank: 2 
RUN_UNICOM [after]  rank: 2 
RUN_UNICOM [new_rank]  rank: 1 
RUN_UNICOM [enter barrier1]  rank: 0 
RUN_UNICOM [enter barrier2]  rank: 0 
RUN_UNICOM [enter barrier1]  rank: 2 
RUN_UNICOM [enter barrier2]  rank: 2 
RUN_UNICOM [exit barrier1,2]  rank: 2 
RUN_UNICOM [exit barrier1,2]  rank: 0 
RUN_UNICOM  rank: 1 
RUN_UNICOM  rank: 3 
  Unidirectional          2                524288         1492.685       175.619
RUN_UNICOM  rank: 0 
RUN_UNICOM [after]  rank: 0 
RUN_UNICOM [new_rank]  rank: 0 
RUN_UNICOM  rank: 2 
RUN_UNICOM [after]  rank: 2 
RUN_UNICOM [new_rank]  rank: 1 
RUN_UNICOM [enter barrier1]  rank: 0 
RUN_UNICOM [enter barrier2]  rank: 0 
RUN_UNICOM [enter barrier1]  rank: 2 
RUN_UNICOM [enter barrier2]  rank: 2 
RUN_UNICOM [exit barrier1,2]  rank: 2 
RUN_UNICOM [exit barrier1,2]  rank: 0 
RUN_UNICOM  rank: 1 
RUN_UNICOM  rank: 3 
  Unidirectional          2               1048576         1484.853       353.091
RUN_UNICOM  rank: 0 
RUN_UNICOM [after]  rank: 0 
RUN_UNICOM [new_rank]  rank: 0 
RUN_UNICOM  rank: 2 
RUN_UNICOM [after]  rank: 2 
RUN_UNICOM [new_rank]  rank: 1 
RUN_UNICOM [enter barrier1]  rank: 0 
RUN_UNICOM [enter barrier2]  rank: 0 
RUN_UNICOM [enter barrier1]  rank: 2 
RUN_UNICOM [enter barrier2]  rank: 2 
RUN_UNICOM [exit barrier1,2]  rank: 2 
RUN_UNICOM [exit barrier1,2]  rank: 0 
RUN_UNICOM  rank: 1 
RUN_UNICOM  rank: 3 
  Unidirectional          2               2097152         1517.609       690.939
RUN_UNICOM  rank: 0 
RUN_UNICOM [after]  rank: 0 
RUN_UNICOM [new_rank]  rank: 0 
RUN_UNICOM  rank: 2 
RUN_UNICOM [after]  rank: 2 
RUN_UNICOM [new_rank]  rank: 1 
RUN_UNICOM [enter barrier1]  rank: 0 
RUN_UNICOM [enter barrier2]  rank: 0 
RUN_UNICOM [enter barrier1]  rank: 2 
RUN_UNICOM [enter barrier2]  rank: 2 
RUN_UNICOM [exit barrier1,2]  rank: 2 
RUN_UNICOM [exit barrier1,2]  rank: 0 
RUN_UNICOM  rank: 1 
RUN_UNICOM  rank: 3 
  Unidirectional          2               4194304         1530.200      1370.509
RUN_UNICOM  rank: 0 
RUN_UNICOM [after]  rank: 0 
RUN_UNICOM [new_rank]  rank: 0 
RUN_UNICOM  rank: 2 
RUN_UNICOM [after]  rank: 2 
RUN_UNICOM [new_rank]  rank: 1 
RUN_UNICOM [enter barrier1]  rank: 0 
RUN_UNICOM [enter barrier2]  rank: 0 
RUN_UNICOM [enter barrier1]  rank: 2 
RUN_UNICOM [enter barrier2]  rank: 2 
RUN_UNICOM [exit barrier1,2]  rank: 2 
RUN_UNICOM [exit barrier1,2]  rank: 0 
FREE  [enter]  
FREE HMPI net _comm NOT NULL [before]  
FREE  [enter]  
FREE HMPI net _comm NOT NULL [before]  
  Unidirectional          2               8388608         1541.146      2721.548
FREE  [enter]  
FREE HMPI comm  NOT NULL [before]  
FREE HMPI comm  NOT NULL [after]  
FREE HMPI net _comm NOT NULL [before]  
FREE HMPI net _comm NOT NULL [after]  
FREE HMPI comm node_comm NOT NULL [before]  
FREE HMPI comm node_comm NOT NULL [after]  
FREE  [exit]  

FREE  [enter]  
FREE HMPI comm  NOT NULL [before]  
FREE HMPI comm  NOT NULL [after]  
FREE HMPI net _comm NOT NULL [before]  
FREE HMPI net _comm NOT NULL [after]  
FREE HMPI comm node_comm NOT NULL [before]  
FREE HMPI comm node_comm NOT NULL [after]  
FREE  [exit]  
TACC: MPI job exited with code: 1
 
TACC: Shutdown complete. Exiting.
