TACC: Starting up job 1919249
TACC: Starting parallel tasks...
  /opt/apps/intel13/impi/4.1.0.030/intel64/bin/mpiexec.hydra -iface br0 -configfile /home1/02636/uswickra/.slurm/config_file.1919249.dZpSov5C 
params:  6442450944 4
params:  6442450944 4
params:  6442450944 4
params:  6442450944 4

Unidirectional and Bidirectional Communication Test

  Test            Processes  Message Size (bytes)   Bandwidth (MB)  Op time (us)
--------------------------------------------------------------------------------
RUN_UNICOM  rank: 1 
RUN_UNICOM  rank: 3 
RUN_UNICOM  rank: 0 
RUN_UNICOM [after]  rank: 0 
RUN_UNICOM [new_rank]  rank: 0 
RUN_UNICOM  rank: 2 
RUN_UNICOM [after]  rank: 2 
RUN_UNICOM [new_rank]  rank: 1 
RUN_UNICOM [enter barrier1]  rank: 2 
Generic barrier [enter barrier]  rank: 1  size: 2  
Generic barrier [MPI_SendRecv() ]  rank: 1 N2prev :2  dest: 0  
RUN_UNICOM [enter barrier1]  rank: 0 
Generic barrier [enter barrier]  rank: 0  size: 2  
Generic barrier [MPI_SendRecv() ]  rank: 0 N2prev :2  dest: 1  
