TACC: Starting up job 1919545
TACC: Starting parallel tasks...
  /opt/apps/intel13/impi/4.1.0.030/intel64/bin/mpiexec.hydra -iface br0 -configfile /home1/02636/uswickra/.slurm/config_file.1919545.DnAgvYHD 
params:  6442450944 4
params:  6442450944 4
params:  6442450944 4
params:  6442450944 4

Unidirectional and Bidirectional Communication Test

  Test            Processes  Message Size (bytes)   Bandwidth (MB)  Op time (us)
--------------------------------------------------------------------------------
RUN_UNICOM  rank: 1 
RUN_UNICOM  rank: 3 
RUN_UNICOM  rank: 0 
RUN_UNICOM [after]  rank: 0 
RUN_UNICOM [new_rank]  rank: 0 
RUN_UNICOM  rank: 2 
RUN_UNICOM [after]  rank: 2 
RUN_UNICOM [new_rank]  rank: 1 
RUN_UNICOM [enter barrier1]  rank: 2 
RUN_UNICOM [enter barrier2]  rank: 2 
RUN_UNICOM [exit barrier1,2]  rank: 2 
RUN_UNICOM [enter barrier1]  rank: 0 
RUN_UNICOM [enter barrier2]  rank: 0 
RUN_UNICOM [exit barrier1,2]  rank: 0 
RUN_UNICOM  rank: 1 
RUN_UNICOM  rank: 2 
RUN_UNICOM [after]  rank: 2 
RUN_UNICOM [new_rank]  rank: 1 
RUN_UNICOM  rank: 3 
  Unidirectional          2                    32            6.225         2.570
RUN_UNICOM  rank: 0 
RUN_UNICOM [after]  rank: 0 
RUN_UNICOM [new_rank]  rank: 0 
RUN_UNICOM [enter barrier1]  rank: 0 
RUN_UNICOM [enter barrier2]  rank: 0 
RUN_UNICOM [exit barrier1,2]  rank: 0 
RUN_UNICOM [enter barrier1]  rank: 2 
RUN_UNICOM [enter barrier2]  rank: 2 
RUN_UNICOM [exit barrier1,2]  rank: 2 
RUN_UNICOM  rank: 2 
RUN_UNICOM [after]  rank: 2 
RUN_UNICOM [new_rank]  rank: 1 
  Unidirectional          2                    64           16.925         1.891
RUN_UNICOM  rank: 0 
RUN_UNICOM [after]  rank: 0 
RUN_UNICOM [new_rank]  rank: 0 
RUN_UNICOM [enter barrier1]  rank: 0 
RUN_UNICOM [enter barrier2]  rank: 0 
RUN_UNICOM [exit barrier1,2]  rank: 0 
RUN_UNICOM  rank: 1 
RUN_UNICOM [enter barrier1]  rank: 2 
RUN_UNICOM [enter barrier2]  rank: 2 
RUN_UNICOM [exit barrier1,2]  rank: 2 
RUN_UNICOM  rank: 3 
RUN_UNICOM  rank: 3 
  Unidirectional          2                   128           28.957         2.210
RUN_UNICOM  rank: 0 
RUN_UNICOM [after]  rank: 0 
RUN_UNICOM [new_rank]  rank: 0 
RUN_UNICOM [enter barrier1]  rank: 0 
RUN_UNICOM [enter barrier2]  rank: 0 
RUN_UNICOM [exit barrier1,2]  rank: 0 
RUN_UNICOM  rank: 1 
RUN_UNICOM  rank: 2 
RUN_UNICOM [after]  rank: 2 
RUN_UNICOM [new_rank]  rank: 1 
RUN_UNICOM [enter barrier1]  rank: 2 
RUN_UNICOM [enter barrier2]  rank: 2 
RUN_UNICOM [exit barrier1,2]  rank: 2 
  Unidirectional          2                   256           45.229         2.830
RUN_UNICOM  rank: 0 
RUN_UNICOM [after]  rank: 0 
RUN_UNICOM  rank: 1 
RUN_UNICOM  rank: 2 
RUN_UNICOM [after]  rank: 2 
RUN_UNICOM [new_rank]  rank: 1 
RUN_UNICOM [enter barrier1]  rank: 2 
RUN_UNICOM [enter barrier2]  rank: 2 
RUN_UNICOM [exit barrier1,2]  rank: 2 
RUN_UNICOM  rank: 3 
RUN_UNICOM  rank: 3 
RUN_UNICOM [new_rank]  rank: 0 
RUN_UNICOM [enter barrier1]  rank: 0 
RUN_UNICOM [enter barrier2]  rank: 0 
RUN_UNICOM [exit barrier1,2]  rank: 0 
  Unidirectional          2                   512          153.173         1.671
RUN_UNICOM  rank: 0 
RUN_UNICOM [after]  rank: 0 
RUN_UNICOM [new_rank]  rank: 0 
RUN_UNICOM [enter barrier1]  rank: 0 
RUN_UNICOM [enter barrier2]  rank: 0 
RUN_UNICOM [exit barrier1,2]  rank: 0 
RUN_UNICOM  rank: 1 
RUN_UNICOM  rank: 2 
RUN_UNICOM [after]  rank: 2 
RUN_UNICOM [new_rank]  rank: 1 
RUN_UNICOM [enter barrier1]  rank: 2 
RUN_UNICOM [enter barrier2]  rank: 2 
RUN_UNICOM [exit barrier1,2]  rank: 2 
  Unidirectional          2                  1024          294.176         1.740
RUN_UNICOM  rank: 0 
RUN_UNICOM [after]  rank: 0 
RUN_UNICOM [new_rank]  rank: 0 
RUN_UNICOM [enter barrier1]  rank: 0 
RUN_UNICOM [enter barrier2]  rank: 0 
RUN_UNICOM  rank: 1 
RUN_UNICOM  rank: 2 
RUN_UNICOM [after]  rank: 2 
RUN_UNICOM [new_rank]  rank: 1 
RUN_UNICOM [enter barrier1]  rank: 2 
RUN_UNICOM [enter barrier2]  rank: 2 
RUN_UNICOM [exit barrier1,2]  rank: 2 
RUN_UNICOM  rank: 3 
RUN_UNICOM  rank: 3 
RUN_UNICOM [exit barrier1,2]  rank: 0 
  Unidirectional          2                  2048          530.243         1.931
RUN_UNICOM  rank: 0 
RUN_UNICOM [after]  rank: 0 
RUN_UNICOM [new_rank]  rank: 0 
RUN_UNICOM  rank: 1 
RUN_UNICOM  rank: 2 
RUN_UNICOM [after]  rank: 2 
RUN_UNICOM [new_rank]  rank: 1 
RUN_UNICOM [enter barrier1]  rank: 2 
RUN_UNICOM [enter barrier2]  rank: 2 
RUN_UNICOM [exit barrier1,2]  rank: 2 
RUN_UNICOM [enter barrier1]  rank: 0 
RUN_UNICOM [enter barrier2]  rank: 0 
RUN_UNICOM [exit barrier1,2]  rank: 0 
  Unidirectional          2                  4096          897.590         2.282
RUN_UNICOM  rank: 0 
RUN_UNICOM [after]  rank: 0 
RUN_UNICOM [new_rank]  rank: 0 
RUN_UNICOM  rank: 1 
RUN_UNICOM  rank: 2 
RUN_UNICOM [after]  rank: 2 
RUN_UNICOM [new_rank]  rank: 1 
RUN_UNICOM [enter barrier1]  rank: 2 
RUN_UNICOM [enter barrier2]  rank: 2 
RUN_UNICOM [exit barrier1,2]  rank: 2 
RUN_UNICOM  rank: 3 
RUN_UNICOM [enter barrier1]  rank: 0 
RUN_UNICOM [enter barrier2]  rank: 0 
RUN_UNICOM [exit barrier1,2]  rank: 0 
  Unidirectional          2                  8192         1214.984         3.371
RUN_UNICOM  rank: 0 
RUN_UNICOM [after]  rank: 0 
RUN_UNICOM [new_rank]  rank: 0 
RUN_UNICOM  rank: 1 
RUN_UNICOM  rank: 2 
RUN_UNICOM [after]  rank: 2 
RUN_UNICOM [new_rank]  rank: 1 
RUN_UNICOM [enter barrier1]  rank: 2 
RUN_UNICOM [enter barrier2]  rank: 2 
RUN_UNICOM [exit barrier1,2]  rank: 2 
RUN_UNICOM  rank: 3 
RUN_UNICOM [enter barrier1]  rank: 0 
RUN_UNICOM [enter barrier2]  rank: 0 
RUN_UNICOM [exit barrier1,2]  rank: 0 
RUN_UNICOM  rank: 1 
RUN_UNICOM  rank: 3 
  Unidirectional          2                 16384         1964.536         4.170
RUN_UNICOM  rank: 0 
RUN_UNICOM [after]  rank: 0 
RUN_UNICOM [new_rank]  rank: 0 
RUN_UNICOM [enter barrier1]  rank: 0 
RUN_UNICOM [enter barrier2]  rank: 0 
RUN_UNICOM [exit barrier1,2]  rank: 0 
RUN_UNICOM  rank: 2 
RUN_UNICOM [after]  rank: 2 
RUN_UNICOM [new_rank]  rank: 1 
RUN_UNICOM [enter barrier1]  rank: 2 
RUN_UNICOM [enter barrier2]  rank: 2 
RUN_UNICOM [exit barrier1,2]  rank: 2 
RUN_UNICOM  rank: 1 
RUN_UNICOM  rank: 2 
RUN_UNICOM [after]  rank: 2 
RUN_UNICOM [new_rank]  rank: 1 
RUN_UNICOM  rank: 3 
  Unidirectional          2                 32768         1788.638         9.160
RUN_UNICOM  rank: 0 
RUN_UNICOM [after]  rank: 0 
RUN_UNICOM [new_rank]  rank: 0 
RUN_UNICOM [enter barrier1]  rank: 0 
RUN_UNICOM [enter barrier2]  rank: 0 
RUN_UNICOM [exit barrier1,2]  rank: 0 
RUN_UNICOM [enter barrier1]  rank: 2 
RUN_UNICOM [enter barrier2]  rank: 2 
RUN_UNICOM [exit barrier1,2]  rank: 2 
RUN_UNICOM  rank: 1 
RUN_UNICOM  rank: 2 
RUN_UNICOM [after]  rank: 2 
RUN_UNICOM [new_rank]  rank: 1 
RUN_UNICOM  rank: 3 
  Unidirectional          2                 65536         1628.617        20.120
RUN_UNICOM  rank: 0 
RUN_UNICOM [after]  rank: 0 
RUN_UNICOM [new_rank]  rank: 0 
RUN_UNICOM [enter barrier1]  rank: 0 
RUN_UNICOM [enter barrier2]  rank: 0 
RUN_UNICOM [exit barrier1,2]  rank: 0 
RUN_UNICOM [enter barrier1]  rank: 2 
RUN_UNICOM [enter barrier2]  rank: 2 
RUN_UNICOM [exit barrier1,2]  rank: 2 
RUN_UNICOM  rank: 1 
RUN_UNICOM  rank: 3 
  Unidirectional          2                131072         1812.820        36.151
RUN_UNICOM  rank: 0 
RUN_UNICOM [after]  rank: 0 
RUN_UNICOM [new_rank]  rank: 0 
RUN_UNICOM  rank: 2 
RUN_UNICOM [after]  rank: 2 
RUN_UNICOM [new_rank]  rank: 1 
RUN_UNICOM [enter barrier1]  rank: 0 
RUN_UNICOM [enter barrier2]  rank: 0 
RUN_UNICOM [exit barrier1,2]  rank: 0 
RUN_UNICOM [enter barrier1]  rank: 2 
RUN_UNICOM [enter barrier2]  rank: 2 
RUN_UNICOM [exit barrier1,2]  rank: 2 
RUN_UNICOM  rank: 1 
RUN_UNICOM  rank: 3 
  Unidirectional          2                262144         1794.301        73.049
RUN_UNICOM  rank: 0 
RUN_UNICOM [after]  rank: 0 
RUN_UNICOM [new_rank]  rank: 0 
RUN_UNICOM  rank: 2 
RUN_UNICOM [after]  rank: 2 
RUN_UNICOM [new_rank]  rank: 1 
RUN_UNICOM [enter barrier1]  rank: 0 
RUN_UNICOM [enter barrier2]  rank: 0 
RUN_UNICOM [enter barrier1]  rank: 2 
RUN_UNICOM [enter barrier2]  rank: 2 
RUN_UNICOM [exit barrier1,2]  rank: 2 
RUN_UNICOM [exit barrier1,2]  rank: 0 
RUN_UNICOM  rank: 1 
RUN_UNICOM  rank: 3 
  Unidirectional          2                524288         1403.638       186.760
RUN_UNICOM  rank: 0 
RUN_UNICOM [after]  rank: 0 
RUN_UNICOM [new_rank]  rank: 0 
RUN_UNICOM  rank: 2 
RUN_UNICOM [after]  rank: 2 
RUN_UNICOM [new_rank]  rank: 1 
RUN_UNICOM [enter barrier1]  rank: 0 
RUN_UNICOM [enter barrier1]  rank: 2 
RUN_UNICOM [enter barrier2]  rank: 2 
RUN_UNICOM [exit barrier1,2]  rank: 2 
RUN_UNICOM [enter barrier2]  rank: 0 
RUN_UNICOM [exit barrier1,2]  rank: 0 
RUN_UNICOM  rank: 1 
RUN_UNICOM  rank: 3 
  Unidirectional          2               1048576         1486.459       352.709
RUN_UNICOM  rank: 0 
RUN_UNICOM [after]  rank: 0 
RUN_UNICOM [new_rank]  rank: 0 
RUN_UNICOM  rank: 2 
RUN_UNICOM [after]  rank: 2 
RUN_UNICOM [new_rank]  rank: 1 
RUN_UNICOM [enter barrier1]  rank: 0 
RUN_UNICOM [enter barrier2]  rank: 0 
RUN_UNICOM [enter barrier1]  rank: 2 
RUN_UNICOM [enter barrier2]  rank: 2 
RUN_UNICOM [exit barrier1,2]  rank: 2 
RUN_UNICOM [exit barrier1,2]  rank: 0 
RUN_UNICOM  rank: 1 
RUN_UNICOM  rank: 3 
  Unidirectional          2               2097152         1525.198       687.501
RUN_UNICOM  rank: 0 
RUN_UNICOM [after]  rank: 0 
RUN_UNICOM [new_rank]  rank: 0 
RUN_UNICOM  rank: 2 
RUN_UNICOM [after]  rank: 2 
RUN_UNICOM [new_rank]  rank: 1 
RUN_UNICOM [enter barrier1]  rank: 0 
RUN_UNICOM [enter barrier2]  rank: 0 
RUN_UNICOM [enter barrier1]  rank: 2 
RUN_UNICOM [enter barrier2]  rank: 2 
RUN_UNICOM [exit barrier1,2]  rank: 2 
RUN_UNICOM [exit barrier1,2]  rank: 0 
RUN_UNICOM  rank: 1 
RUN_UNICOM  rank: 3 
  Unidirectional          2               4194304         1543.819      1358.418
RUN_UNICOM  rank: 0 
RUN_UNICOM [after]  rank: 0 
RUN_UNICOM [new_rank]  rank: 0 
RUN_UNICOM  rank: 2 
RUN_UNICOM [after]  rank: 2 
RUN_UNICOM [new_rank]  rank: 1 
RUN_UNICOM [enter barrier1]  rank: 0 
RUN_UNICOM [enter barrier2]  rank: 0 
RUN_UNICOM [enter barrier1]  rank: 2 
RUN_UNICOM [enter barrier2]  rank: 2 
RUN_UNICOM [exit barrier1,2]  rank: 2 
RUN_UNICOM [exit barrier1,2]  rank: 0 
  Unidirectional          2               8388608         1550.367      2705.362

TACC: MPI job exited with code: 1
 
TACC: Shutdown complete. Exiting.
