TACC: Starting up job 1919403
TACC: Starting parallel tasks...
  /opt/apps/intel13/impi/4.1.0.030/intel64/bin/mpiexec.hydra -iface br0 -configfile /home1/02636/uswickra/.slurm/config_file.1919403.9ohEwy1A 
params:  6442450944 4
params:  6442450944 4
params:  6442450944 4
params:  6442450944 4

Unidirectional and Bidirectional Communication Test

  Test            Processes  Message Size (bytes)   Bandwidth (MB)  Op time (us)
--------------------------------------------------------------------------------
RUN_UNICOM  rank: 1 
RUN_UNICOM  rank: 3 
RUN_UNICOM  rank: 0 
RUN_UNICOM [after]  rank: 0 
RUN_UNICOM [new_rank]  rank: 0 
RUN_UNICOM  rank: 2 
RUN_UNICOM [after]  rank: 2 
RUN_UNICOM [new_rank]  rank: 1 
RUN_UNICOM [enter barrier1]  rank: 2 
RUN_UNICOM [enter barrier2]  rank: 2 
RUN_UNICOM [exit barrier1,2]  rank: 2 
RUN_UNICOM [enter barrier1]  rank: 0 
RUN_UNICOM [enter barrier2]  rank: 0 
RUN_UNICOM [exit barrier1,2]  rank: 0 
RUN_UNICOM  rank: 1 
RUN_UNICOM  rank: 2 
RUN_UNICOM [after]  rank: 2 
RUN_UNICOM [new_rank]  rank: 1 
RUN_UNICOM  rank: 3 
  Unidirectional          2                    32            7.139         2.241
RUN_UNICOM  rank: 0 
RUN_UNICOM [after]  rank: 0 
RUN_UNICOM [new_rank]  rank: 0 
RUN_UNICOM [enter barrier1]  rank: 0 
RUN_UNICOM [enter barrier2]  rank: 0 
RUN_UNICOM [exit barrier1,2]  rank: 0 
RUN_UNICOM [enter barrier1]  rank: 2 
RUN_UNICOM [enter barrier2]  rank: 2 
RUN_UNICOM [exit barrier1,2]  rank: 2 
RUN_UNICOM  rank: 1 
  Unidirectional          2                    64           15.772         2.029
RUN_UNICOM  rank: 0 
RUN_UNICOM [after]  rank: 0 
RUN_UNICOM [new_rank]  rank: 0 
RUN_UNICOM  rank: 2 
RUN_UNICOM [after]  rank: 2 
RUN_UNICOM [new_rank]  rank: 1 
RUN_UNICOM [enter barrier1]  rank: 2 
RUN_UNICOM [enter barrier2]  rank: 2 
RUN_UNICOM [exit barrier1,2]  rank: 2 
RUN_UNICOM  rank: 3 
RUN_UNICOM [enter barrier1]  rank: 0 
RUN_UNICOM [enter barrier2]  rank: 0 
RUN_UNICOM [exit barrier1,2]  rank: 0 
  Unidirectional          2                   128           28.167         2.272
RUN_UNICOM  rank: 0 
RUN_UNICOM [after]  rank: 0 
RUN_UNICOM [new_rank]  rank: 0 
RUN_UNICOM [enter barrier1]  rank: 0 
RUN_UNICOM  rank: 1 
RUN_UNICOM  rank: 2 
RUN_UNICOM [after]  rank: 2 
RUN_UNICOM [new_rank]  rank: 1 
RUN_UNICOM [enter barrier1]  rank: 2 
RUN_UNICOM [enter barrier2]  rank: 2 
RUN_UNICOM [exit barrier1,2]  rank: 2 
RUN_UNICOM  rank: 3 
RUN_UNICOM [enter barrier2]  rank: 0 
RUN_UNICOM [exit barrier1,2]  rank: 0 
  Unidirectional          2                   256           44.260         2.892
RUN_UNICOM  rank: 0 
RUN_UNICOM [after]  rank: 0 
RUN_UNICOM [new_rank]  rank: 0 
RUN_UNICOM [enter barrier1]  rank: 0 
RUN_UNICOM [enter barrier2]  rank: 0 
RUN_UNICOM  rank: 1 
RUN_UNICOM  rank: 2 
RUN_UNICOM [after]  rank: 2 
RUN_UNICOM [new_rank]  rank: 1 
RUN_UNICOM [enter barrier1]  rank: 2 
RUN_UNICOM [enter barrier2]  rank: 2 
RUN_UNICOM [exit barrier1,2]  rank: 2 
RUN_UNICOM  rank: 3 
RUN_UNICOM [exit barrier1,2]  rank: 0 
RUN_UNICOM  rank: 1 
RUN_UNICOM  rank: 3 
  Unidirectional          2                   512          142.975         1.791
RUN_UNICOM  rank: 0 
RUN_UNICOM [after]  rank: 0 
RUN_UNICOM [new_rank]  rank: 0 
RUN_UNICOM  rank: 2 
RUN_UNICOM [after]  rank: 2 
RUN_UNICOM [new_rank]  rank: 1 
RUN_UNICOM [enter barrier1]  rank: 2 
RUN_UNICOM [enter barrier1]  rank: 0 
RUN_UNICOM [enter barrier2]  rank: 0 
RUN_UNICOM [enter barrier2]  rank: 2 
RUN_UNICOM [exit barrier1,2]  rank: 2 
RUN_UNICOM [exit barrier1,2]  rank: 0 
RUN_UNICOM  rank: 1 
  Unidirectional          2                  1024          268.100         1.910
RUN_UNICOM  rank: 0 
RUN_UNICOM [after]  rank: 0 
RUN_UNICOM [new_rank]  rank: 0 
RUN_UNICOM [enter barrier1]  rank: 0 
RUN_UNICOM [enter barrier2]  rank: 0 
RUN_UNICOM  rank: 2 
RUN_UNICOM [after]  rank: 2 
RUN_UNICOM [new_rank]  rank: 1 
RUN_UNICOM [enter barrier1]  rank: 2 
RUN_UNICOM [enter barrier2]  rank: 2 
RUN_UNICOM [exit barrier1,2]  rank: 2 
RUN_UNICOM  rank: 3 
RUN_UNICOM [exit barrier1,2]  rank: 0 
  Unidirectional          2                  2048          494.812         2.069
RUN_UNICOM  rank: 0 
RUN_UNICOM [after]  rank: 0 
RUN_UNICOM  rank: 1 
RUN_UNICOM  rank: 2 
RUN_UNICOM [after]  rank: 2 
RUN_UNICOM [new_rank]  rank: 1 
RUN_UNICOM [enter barrier1]  rank: 2 
RUN_UNICOM [enter barrier2]  rank: 2 
RUN_UNICOM [exit barrier1,2]  rank: 2 
RUN_UNICOM  rank: 3 
RUN_UNICOM [new_rank]  rank: 0 
RUN_UNICOM [enter barrier1]  rank: 0 
RUN_UNICOM [enter barrier2]  rank: 0 
RUN_UNICOM [exit barrier1,2]  rank: 0 
RUN_UNICOM  rank: 1 
  Unidirectional          2                  4096          586.744         3.490
RUN_UNICOM  rank: 0 
RUN_UNICOM [after]  rank: 0 
RUN_UNICOM [new_rank]  rank: 0 
RUN_UNICOM [enter barrier1]  rank: 0 
RUN_UNICOM  rank: 2 
RUN_UNICOM [after]  rank: 2 
RUN_UNICOM [new_rank]  rank: 1 
RUN_UNICOM [enter barrier1]  rank: 2 
RUN_UNICOM [enter barrier2]  rank: 2 
RUN_UNICOM [exit barrier1,2]  rank: 2 
RUN_UNICOM  rank: 3 
RUN_UNICOM [enter barrier2]  rank: 0 
RUN_UNICOM [exit barrier1,2]  rank: 0 
RUN_UNICOM  rank: 1 
  Unidirectional          2                  8192         1160.802         3.529
RUN_UNICOM  rank: 0 
RUN_UNICOM [after]  rank: 0 
RUN_UNICOM [new_rank]  rank: 0 
RUN_UNICOM  rank: 2 
RUN_UNICOM [after]  rank: 2 
RUN_UNICOM [new_rank]  rank: 1 
RUN_UNICOM  rank: 3 
RUN_UNICOM [enter barrier1]  rank: 0 
RUN_UNICOM [enter barrier2]  rank: 0 
RUN_UNICOM [exit barrier1,2]  rank: 0 
RUN_UNICOM [enter barrier1]  rank: 2 
RUN_UNICOM [enter barrier2]  rank: 2 
RUN_UNICOM [exit barrier1,2]  rank: 2 
RUN_UNICOM  rank: 1 
  Unidirectional          2                 16384         1909.935         4.289
RUN_UNICOM  rank: 0 
RUN_UNICOM [after]  rank: 0 
RUN_UNICOM [new_rank]  rank: 0 
RUN_UNICOM  rank: 2 
RUN_UNICOM [after]  rank: 2 
RUN_UNICOM [new_rank]  rank: 1 
RUN_UNICOM  rank: 3 
RUN_UNICOM [enter barrier1]  rank: 0 
RUN_UNICOM [enter barrier2]  rank: 0 
RUN_UNICOM [exit barrier1,2]  rank: 0 
RUN_UNICOM [enter barrier1]  rank: 2 
RUN_UNICOM [enter barrier2]  rank: 2 
RUN_UNICOM [exit barrier1,2]  rank: 2 
RUN_UNICOM  rank: 1 
  Unidirectional          2                 32768         1792.838         9.139
RUN_UNICOM  rank: 0 
RUN_UNICOM [after]  rank: 0 
RUN_UNICOM [new_rank]  rank: 0 
RUN_UNICOM  rank: 2 
RUN_UNICOM [after]  rank: 2 
RUN_UNICOM [new_rank]  rank: 1 
RUN_UNICOM  rank: 3 
RUN_UNICOM [enter barrier1]  rank: 0 
RUN_UNICOM [enter barrier2]  rank: 0 
RUN_UNICOM [exit barrier1,2]  rank: 0 
RUN_UNICOM [enter barrier1]  rank: 2 
RUN_UNICOM [enter barrier2]  rank: 2 
RUN_UNICOM [exit barrier1,2]  rank: 2 
RUN_UNICOM  rank: 1 
RUN_UNICOM  rank: 3 
  Unidirectional          2                 65536         1622.847        20.192
RUN_UNICOM  rank: 0 
RUN_UNICOM [after]  rank: 0 
RUN_UNICOM [new_rank]  rank: 0 
RUN_UNICOM  rank: 2 
RUN_UNICOM [after]  rank: 2 
RUN_UNICOM [new_rank]  rank: 1 
RUN_UNICOM [enter barrier1]  rank: 0 
RUN_UNICOM [enter barrier2]  rank: 0 
RUN_UNICOM [exit barrier1,2]  rank: 0 
RUN_UNICOM [enter barrier1]  rank: 2 
RUN_UNICOM [enter barrier2]  rank: 2 
RUN_UNICOM [exit barrier1,2]  rank: 2 
RUN_UNICOM  rank: 1 
RUN_UNICOM  rank: 3 
  Unidirectional          2                131072         1719.707        38.109
RUN_UNICOM  rank: 0 
RUN_UNICOM [after]  rank: 0 
RUN_UNICOM [new_rank]  rank: 0 
RUN_UNICOM  rank: 2 
RUN_UNICOM [after]  rank: 2 
RUN_UNICOM [new_rank]  rank: 1 
RUN_UNICOM [enter barrier1]  rank: 0 
RUN_UNICOM [enter barrier2]  rank: 0 
RUN_UNICOM [exit barrier1,2]  rank: 0 
RUN_UNICOM [enter barrier1]  rank: 2 
RUN_UNICOM [enter barrier2]  rank: 2 
RUN_UNICOM [exit barrier1,2]  rank: 2 
RUN_UNICOM  rank: 1 
RUN_UNICOM  rank: 3 
  Unidirectional          2                262144         1840.926        71.199
RUN_UNICOM  rank: 0 
RUN_UNICOM [after]  rank: 0 
RUN_UNICOM [new_rank]  rank: 0 
RUN_UNICOM  rank: 2 
RUN_UNICOM [after]  rank: 2 
RUN_UNICOM [new_rank]  rank: 1 
RUN_UNICOM [enter barrier1]  rank: 0 
RUN_UNICOM [enter barrier2]  rank: 0 
RUN_UNICOM [enter barrier1]  rank: 2 
RUN_UNICOM [enter barrier2]  rank: 2 
RUN_UNICOM [exit barrier1,2]  rank: 2 
RUN_UNICOM [exit barrier1,2]  rank: 0 
RUN_UNICOM  rank: 1 
RUN_UNICOM  rank: 3 
  Unidirectional          2                524288         1508.929       173.728
RUN_UNICOM  rank: 0 
RUN_UNICOM [after]  rank: 0 
RUN_UNICOM [new_rank]  rank: 0 
RUN_UNICOM  rank: 2 
RUN_UNICOM [after]  rank: 2 
RUN_UNICOM [new_rank]  rank: 1 
RUN_UNICOM [enter barrier1]  rank: 0 
RUN_UNICOM [enter barrier2]  rank: 0 
RUN_UNICOM [enter barrier1]  rank: 2 
RUN_UNICOM [enter barrier2]  rank: 2 
RUN_UNICOM [exit barrier1,2]  rank: 2 
RUN_UNICOM [exit barrier1,2]  rank: 0 
RUN_UNICOM  rank: 1 
RUN_UNICOM  rank: 3 
  Unidirectional          2               1048576         1499.116       349.731
RUN_UNICOM  rank: 0 
RUN_UNICOM [after]  rank: 0 
RUN_UNICOM [new_rank]  rank: 0 
RUN_UNICOM  rank: 2 
RUN_UNICOM [after]  rank: 2 
RUN_UNICOM [new_rank]  rank: 1 
RUN_UNICOM [enter barrier1]  rank: 0 
RUN_UNICOM [enter barrier2]  rank: 0 
RUN_UNICOM [enter barrier1]  rank: 2 
RUN_UNICOM [enter barrier2]  rank: 2 
RUN_UNICOM [exit barrier1,2]  rank: 2 
RUN_UNICOM [exit barrier1,2]  rank: 0 
RUN_UNICOM  rank: 1 
RUN_UNICOM  rank: 3 
  Unidirectional          2               2097152         1528.065       686.212
RUN_UNICOM  rank: 0 
RUN_UNICOM [after]  rank: 0 
RUN_UNICOM [new_rank]  rank: 0 
RUN_UNICOM  rank: 2 
RUN_UNICOM [after]  rank: 2 
RUN_UNICOM [new_rank]  rank: 1 
RUN_UNICOM [enter barrier1]  rank: 0 
RUN_UNICOM [enter barrier2]  rank: 0 
RUN_UNICOM [enter barrier1]  rank: 2 
RUN_UNICOM [enter barrier2]  rank: 2 
RUN_UNICOM [exit barrier1,2]  rank: 2 
RUN_UNICOM [exit barrier1,2]  rank: 0 
RUN_UNICOM  rank: 1 
RUN_UNICOM  rank: 3 
  Unidirectional          2               4194304         1543.079      1359.069
RUN_UNICOM  rank: 0 
RUN_UNICOM [after]  rank: 0 
RUN_UNICOM [new_rank]  rank: 0 
RUN_UNICOM  rank: 2 
RUN_UNICOM [after]  rank: 2 
RUN_UNICOM [new_rank]  rank: 1 
RUN_UNICOM [enter barrier1]  rank: 0 
RUN_UNICOM [enter barrier2]  rank: 0 
RUN_UNICOM [exit barrier1,2]  rank: 0 
RUN_UNICOM [enter barrier1]  rank: 2 
RUN_UNICOM [enter barrier2]  rank: 2 
RUN_UNICOM [exit barrier1,2]  rank: 2 
  Unidirectional          2               8388608         1552.084      2702.370

TACC: MPI job exited with code: 1
 
TACC: Shutdown complete. Exiting.
