TACC: Starting up job 1942301
TACC: Starting parallel tasks...
  /opt/apps/intel13/impi/4.1.0.030/intel64/bin/mpiexec.hydra -iface br0 -configfile /home1/02636/uswickra/.slurm/config_file.1942301.uA2DCaXw 
params:  25769803776 4
params:  25769803776 4
params:  25769803776 4
params:  25769803776 4
MPI Bidirectional latency test (Send/Recv)
             Processes    Max Latency (us)
------------------------------------------
                     2               2.918
                     4               3.991

Test Parameters
---------------
Operations per measurement :       50
Process pair allocation    :    block


Rank id    0 (c558-104-mic0.stampede.tacc.utexas.edu) communicated with rank id    2 (c558-104-mic0.stampede.tacc.utexas.edu)
Rank id    1 (c558-104-mic0.stampede.tacc.utexas.edu) communicated with rank id    3 (c558-104-mic0.stampede.tacc.utexas.edu)
Rank id    2 (c558-104-mic0.stampede.tacc.utexas.edu) communicated with rank id    0 (c558-104-mic0.stampede.tacc.utexas.edu)
Rank id    3 (c558-104-mic0.stampede.tacc.utexas.edu) communicated with rank id    1 (c558-104-mic0.stampede.tacc.utexas.edu)


MPI_Wtick returns           0.000001000
MPI_Wtime overhead          0.000001192
Ticks for minimum sample            292

 
TACC: Shutdown complete. Exiting.
